Log file open, 08/15/23 21:10:24
LogWindows: Failed to load 'aqProf.dll' (GetLastError=126)
LogWindows: File 'aqProf.dll' does not exist
LogWindows: Failed to load 'VtuneApi.dll' (GetLastError=126)
LogWindows: File 'VtuneApi.dll' does not exist
LogWindows: Failed to load 'VtuneApi32e.dll' (GetLastError=126)
LogWindows: File 'VtuneApi32e.dll' does not exist
LogConsoleResponse: Display: Failed to find resolution value strings in scalability ini. Falling back to default.
LogConsoleResponse: Display: Failed to find resolution value strings in scalability ini. Falling back to default.
LogInit: Display: Running engine for game: OpenRPG_Stats
LogPlatformFile: Not using cached read wrapper
LogTaskGraph: Started task graph with 5 named threads and 23 total threads with 3 sets of task threads.
LogStats: Stats thread started at 0.902228
LogICUInternationalization: ICU TimeZone Detection - Raw Offset: +3:00, Platform Override: ''
LogInit: Display: Loading text-based GConfig....
LogPluginManager: Mounting plugin MeshPainting
LogPluginManager: Mounting plugin XGEController
LogPluginManager: Mounting plugin Paper2D
LogPluginManager: Mounting plugin AISupport
LogPluginManager: Mounting plugin EnvironmentQueryEditor
LogPluginManager: Mounting plugin LiveLink
LogPluginManager: Mounting plugin LightPropagationVolume
LogPluginManager: Mounting plugin GameplayCameras
LogPluginManager: Mounting plugin CameraShakePreviewer
LogPluginManager: Mounting plugin OodleData
LogPluginManager: Mounting plugin OodleNetwork
LogPluginManager: Mounting plugin AnimationSharing
LogPluginManager: Mounting plugin AssetManagerEditor
LogPluginManager: Mounting plugin DatasmithContent
LogPluginManager: Mounting plugin CLionSourceCodeAccess
LogPluginManager: Mounting plugin CodeLiteSourceCodeAccess
LogPluginManager: Mounting plugin GitSourceControl
LogPluginManager: Mounting plugin KDevelopSourceCodeAccess
LogPluginManager: Mounting plugin VariantManagerContent
LogPluginManager: Mounting plugin NullSourceCodeAccess
LogPluginManager: Mounting plugin CryptoKeys
LogPluginManager: Mounting plugin PerforceSourceControl
LogPluginManager: Mounting plugin PixWinPlugin
LogPluginManager: Mounting plugin AlembicImporter
LogPluginManager: Mounting plugin Niagara
LogPluginManager: Mounting plugin AutomationUtils
LogPluginManager: Mounting plugin PlasticSourceControl
LogPluginManager: Mounting plugin BackChannel
LogPluginManager: Mounting plugin CurveEditorTools
LogPluginManager: Mounting plugin PluginUtils
LogPluginManager: Mounting plugin FacialAnimation
LogPluginManager: Mounting plugin DataValidation
LogPluginManager: Mounting plugin ChaosCloth
LogPluginManager: Mounting plugin GeometryMode
LogPluginManager: Mounting plugin ChaosClothEditor
LogPluginManager: Mounting plugin ChaosEditor
LogPluginManager: Mounting plugin ChaosNiagara
LogPluginManager: Mounting plugin PropertyAccessNode
LogPluginManager: Mounting plugin ChaosSolverPlugin
LogPluginManager: Mounting plugin MacGraphicsSwitching
LogPluginManager: Mounting plugin RiderSourceCodeAccess
LogPluginManager: Mounting plugin SubversionSourceControl
LogPluginManager: Mounting plugin TextureFormatOodle
LogPluginManager: Mounting plugin MaterialAnalyzer
LogPluginManager: Mounting plugin MobileLauncherProfileWizard
LogPluginManager: Mounting plugin UObjectPlugin
LogPluginManager: Mounting plugin CharacterAI
LogPluginManager: Mounting plugin GameplayTagsEditor
LogPluginManager: Mounting plugin VisualStudioCodeSourceCodeAccess
LogPluginManager: Mounting plugin XCodeSourceCodeAccess
LogPluginManager: Mounting plugin PluginBrowser
LogPluginManager: Mounting plugin SpeedTreeImporter
LogPluginManager: Mounting plugin GeometryCache
LogPluginManager: Mounting plugin GeometryCollectionPlugin
LogPluginManager: Mounting plugin GeometryProcessing
LogPluginManager: Mounting plugin VisualStudioSourceCodeAccess
LogPluginManager: Mounting plugin OpenImageDenoise
LogPluginManager: Mounting plugin PlanarCut
LogPluginManager: Mounting plugin PlatformCrypto
LogPluginManager: Mounting plugin ProxyLODPlugin
LogPluginManager: Mounting plugin MotoSynth
LogPluginManager: Mounting plugin SkeletalReduction
LogPluginManager: Mounting plugin PythonScriptPlugin
LogPluginManager: Mounting plugin LuminPlatformFeatures
LogPluginManager: Mounting plugin MagicLeap
LogPluginManager: Mounting plugin MagicLeapLightEstimation
LogPluginManager: Mounting plugin MagicLeapMedia
LogPluginManager: Mounting plugin MagicLeapPassableWorld
LogPluginManager: Mounting plugin MLSDK
LogPluginManager: Mounting plugin AndroidMedia
LogPluginManager: Mounting plugin AvfMedia
LogPluginManager: Mounting plugin ImgMedia
LogPluginManager: Mounting plugin MediaCompositing
LogPluginManager: Mounting plugin MediaPlayerEditor
LogPluginManager: Mounting plugin WebMMedia
LogPluginManager: Mounting plugin WmfMedia
LogPluginManager: Mounting plugin TcpMessaging
LogPluginManager: Mounting plugin UdpMessaging
LogPluginManager: Mounting plugin ActorSequence
LogPluginManager: Mounting plugin LevelSequenceEditor
LogPluginManager: Mounting plugin MatineeToLevelSequence
LogPluginManager: Mounting plugin OnlineSubsystem
LogPluginManager: Mounting plugin TemplateSequence
LogPluginManager: Mounting plugin OnlineSubsystemNull
LogPluginManager: Mounting plugin OnlineSubsystemUtils
LogPluginManager: Mounting plugin LauncherChunkInstaller
LogPluginManager: Mounting plugin ActorLayerUtilities
LogPluginManager: Mounting plugin AndroidDeviceProfileSelector
LogPluginManager: Mounting plugin AndroidMoviePlayer
LogPluginManager: Mounting plugin AndroidPermission
LogPluginManager: Mounting plugin AppleImageUtils
LogPluginManager: Mounting plugin AppleMoviePlayer
LogPluginManager: Mounting plugin AssetTags
LogPluginManager: Mounting plugin ArchVisCharacter
LogPluginManager: Mounting plugin AudioCapture
LogPluginManager: Mounting plugin CableComponent
LogPluginManager: Mounting plugin AudioSynesthesia
LogPluginManager: Mounting plugin ChunkDownloader
LogPluginManager: Mounting plugin CustomMeshComponent
LogPluginManager: Mounting plugin EditableMesh
LogPluginManager: Mounting plugin ExampleDeviceProfileSelector
LogPluginManager: Mounting plugin GoogleCloudMessaging
LogPluginManager: Mounting plugin GooglePAD
LogPluginManager: Mounting plugin IOSDeviceProfileSelector
LogPluginManager: Mounting plugin LinuxDeviceProfileSelector
LogPluginManager: Mounting plugin LocationServicesBPLibrary
LogPluginManager: Mounting plugin MobilePatchingUtils
LogPluginManager: Mounting plugin OpenXREyeTracker
LogPluginManager: Mounting plugin OpenXRHandTracking
LogPluginManager: Mounting plugin OpenXR
LogPluginManager: Mounting plugin PhysXVehicles
LogPluginManager: Mounting plugin ScreenshotTools
LogPluginManager: Mounting plugin PostSplashScreen
LogPluginManager: Mounting plugin ProceduralMeshComponent
LogPluginManager: Mounting plugin PropertyAccessEditor
LogPluginManager: Mounting plugin RuntimePhysXCooking
LogPluginManager: Mounting plugin SignificanceManager
LogPluginManager: Mounting plugin SoundFields
LogPluginManager: Mounting plugin Synthesis
LogPluginManager: Mounting plugin WebMMoviePlayer
LogPluginManager: Mounting plugin WindowsMoviePlayer
LogPluginManager: Mounting plugin Takes
LogPluginManager: Mounting plugin ContentBrowserClassDataSource
LogPluginManager: Mounting plugin ContentBrowserFileDataSource
LogPluginManager: Mounting plugin ContentBrowserAssetDataSource
LogPluginManager: Mounting plugin OnlineSubsystemGooglePlay
LogPluginManager: Mounting plugin OnlineSubsystemIOS
LogPluginManager: Mounting plugin OculusVR
LogPluginManager: Mounting plugin SteamVR
PixWinPlugin: PIX capture plugin failed to initialize! Check that the process is launched from PIX.
LogLuminAPIImpl: Warning: MLSDK not found.  This likely means the MLSDK environment variable is not set.
LogInit: Using libcurl 7.55.1-DEV
LogInit:  - built for x86_64-pc-win32
LogInit:  - supports SSL with OpenSSL/1.1.1
LogInit:  - supports HTTP deflate (compression) using libz 1.2.8
LogInit:  - other features:
LogInit:      CURL_VERSION_SSL
LogInit:      CURL_VERSION_LIBZ
LogInit:      CURL_VERSION_IPV6
LogInit:      CURL_VERSION_ASYNCHDNS
LogInit:      CURL_VERSION_LARGEFILE
LogInit:      CURL_VERSION_IDN
LogInit:  CurlRequestOptions (configurable via config and command line):
LogInit:  - bVerifyPeer = true  - Libcurl will verify peer certificate
LogInit:  - bUseHttpProxy = false  - Libcurl will NOT use HTTP proxy
LogInit:  - bDontReuseConnections = false  - Libcurl will reuse connections
LogInit:  - MaxHostConnections = 16  - Libcurl will limit the number of connections to a host
LogInit:  - LocalHostAddr = Default
LogInit:  - BufferSize = 65536
LogOnline: OSS: Creating online subsystem instance for: NULL
LogInit: WinSock: version 1.1 (2.2), MaxSocks=32767, MaxUdp=65467
LogOnline: OSS: TryLoadSubsystemAndSetDefault: Loaded subsystem for module [NULL]
LogOculusPluginWrapper: OculusPlugin initialized successfully
LogHMD: Failed initializing OVRPlugin 1.59.0
LogInit: Build: ++UE4+Release-4.27-CL-18319896
LogInit: Engine Version: 4.27.2-18319896+++UE4+Release-4.27
LogInit: Compatible Engine Version: 4.27.0-17155196+++UE4+Release-4.27
LogInit: Net CL: 17155196
LogInit: OS: Windows 10 (Release 2009) (), CPU: AMD FX-8320E Eight-Core Processor              , GPU: NVIDIA GeForce RTX 3070
LogInit: Compiled (64-bit): Nov 30 2021 07:12:08
LogInit: Compiled with Visual C++: 19.24.28315.00
LogInit: Build Configuration: Development
LogInit: Branch Name: ++UE4+Release-4.27
LogInit: Command Line: 
LogInit: Base Directory: H:/Unreal/UE_4.27/Engine/Binaries/Win64/
LogInit: Allocator: TBB
LogInit: Installed Engine Build: 1
LogDevObjectVersion: Number of dev versions registered: 29
LogDevObjectVersion:   Dev-Blueprints (B0D832E4-1F89-4F0D-ACCF-7EB736FD4AA2): 10
LogDevObjectVersion:   Dev-Build (E1C64328-A22C-4D53-A36C-8E866417BD8C): 0
LogDevObjectVersion:   Dev-Core (375EC13C-06E4-48FB-B500-84F0262A717E): 4
LogDevObjectVersion:   Dev-Editor (E4B068ED-F494-42E9-A231-DA0B2E46BB41): 40
LogDevObjectVersion:   Dev-Framework (CFFC743F-43B0-4480-9391-14DF171D2073): 37
LogDevObjectVersion:   Dev-Mobile (B02B49B5-BB20-44E9-A304-32B752E40360): 3
LogDevObjectVersion:   Dev-Networking (A4E4105C-59A1-49B5-A7C5-40C4547EDFEE): 0
LogDevObjectVersion:   Dev-Online (39C831C9-5AE6-47DC-9A44-9C173E1C8E7C): 0
LogDevObjectVersion:   Dev-Physics (78F01B33-EBEA-4F98-B9B4-84EACCB95AA2): 14
LogDevObjectVersion:   Dev-Platform (6631380F-2D4D-43E0-8009-CF276956A95A): 0
LogDevObjectVersion:   Dev-Rendering (12F88B9F-8875-4AFC-A67C-D90C383ABD29): 45
LogDevObjectVersion:   Dev-Sequencer (7B5AE74C-D270-4C10-A958-57980B212A5A): 13
LogDevObjectVersion:   Dev-VR (D7296918-1DD6-4BDD-9DE2-64A83CC13884): 3
LogDevObjectVersion:   Dev-LoadTimes (C2A15278-BFE7-4AFE-6C17-90FF531DF755): 1
LogDevObjectVersion:   Private-Geometry (6EACA3D4-40EC-4CC1-B786-8BED09428FC5): 3
LogDevObjectVersion:   Dev-AnimPhys (29E575DD-E0A3-4627-9D10-D276232CDCEA): 17
LogDevObjectVersion:   Dev-Anim (AF43A65D-7FD3-4947-9873-3E8ED9C1BB05): 15
LogDevObjectVersion:   Dev-ReflectionCapture (6B266CEC-1EC7-4B8F-A30B-E4D90942FC07): 1
LogDevObjectVersion:   Dev-Automation (0DF73D61-A23F-47EA-B727-89E90C41499A): 1
LogDevObjectVersion:   FortniteMain (601D1886-AC64-4F84-AA16-D3DE0DEAC7D6): 47
LogDevObjectVersion:   FortniteRelease (E7086368-6B23-4C58-8439-1B7016265E91): 1
LogDevObjectVersion:   Dev-Enterprise (9DFFBCD6-494F-0158-E221-12823C92A888): 10
LogDevObjectVersion:   Dev-Niagara (F2AED0AC-9AFE-416F-8664-AA7FFA26D6FC): 1
LogDevObjectVersion:   Dev-Destruction (174F1F0B-B4C6-45A5-B13F-2EE8D0FB917D): 10
LogDevObjectVersion:   Dev-Physics-Ext (35F94A83-E258-406C-A318-09F59610247C): 41
LogDevObjectVersion:   Dev-PhysicsMaterial-Chaos (B68FC16E-8B1B-42E2-B453-215C058844FE): 1
LogDevObjectVersion:   Dev-CineCamera (B2E18506-4273-CFC2-A54E-F4BB758BBA07): 1
LogDevObjectVersion:   Dev-VirtualProduction (64F58936-FD1B-42BA-BA96-7289D5D0FA4E): 1
LogDevObjectVersion:   Dev-MediaFramework (6F0ED827-A609-4895-9C91-998D90180EA4): 2
LogInit: Presizing for max 25165824 objects, including 0 objects not considered by GC, pre-allocating 0 bytes for permanent pool.
LogConfig: Applying CVar settings from Section [/Script/Engine.StreamingSettings] File [H:/Unreal/Projects/OpenRPG_Stats/Saved/Config/Windows/Engine.ini]
LogConfig: Setting CVar [[s.MinBulkDataSizeForAsyncLoading:131072]]
LogConfig: Setting CVar [[s.AsyncLoadingThreadEnabled:0]]
LogConfig: Setting CVar [[s.EventDrivenLoaderEnabled:1]]
LogConfig: Setting CVar [[s.WarnIfTimeLimitExceeded:0]]
LogConfig: Setting CVar [[s.TimeLimitExceededMultiplier:1.5]]
LogConfig: Setting CVar [[s.TimeLimitExceededMinTime:0.005]]
LogConfig: Setting CVar [[s.UseBackgroundLevelStreaming:1]]
LogConfig: Setting CVar [[s.PriorityAsyncLoadingExtraTime:15.0]]
LogConfig: Setting CVar [[s.LevelStreamingActorsUpdateTimeLimit:5.0]]
LogConfig: Setting CVar [[s.PriorityLevelStreamingActorsUpdateExtraTime:5.0]]
LogConfig: Setting CVar [[s.LevelStreamingComponentsRegistrationGranularity:10]]
LogConfig: Setting CVar [[s.UnregisterComponentsTimeLimit:1.0]]
LogConfig: Setting CVar [[s.LevelStreamingComponentsUnregistrationGranularity:5]]
LogConfig: Setting CVar [[s.FlushStreamingOnExit:1]]
LogInit: Object subsystem initialized
LogConfig: Setting CVar [[con.DebugEarlyDefault:1]]
LogConfig: Setting CVar [[r.setres:1280x720]]
[2023.08.15-18.10.30:804][  0]LogConfig: Setting CVar [[r.VSync:0]]
[2023.08.15-18.10.30:804][  0]LogConfig: Setting CVar [[r.RHICmdBypass:0]]
[2023.08.15-18.10.30:804][  0]LogConfig: Applying CVar settings from Section [/Script/Engine.RendererSettings] File [H:/Unreal/Projects/OpenRPG_Stats/Saved/Config/Windows/Engine.ini]
[2023.08.15-18.10.30:804][  0]LogConfig: Setting CVar [[r.GPUCrashDebugging:0]]
[2023.08.15-18.10.30:804][  0]LogConfig: Applying CVar settings from Section [/Script/Engine.RendererOverrideSettings] File [H:/Unreal/Projects/OpenRPG_Stats/Saved/Config/Windows/Engine.ini]
[2023.08.15-18.10.30:804][  0]LogConfig: Applying CVar settings from Section [/Script/Engine.StreamingSettings] File [H:/Unreal/Projects/OpenRPG_Stats/Saved/Config/Windows/Engine.ini]
[2023.08.15-18.10.30:804][  0]LogConfig: Setting CVar [[s.MinBulkDataSizeForAsyncLoading:131072]]
[2023.08.15-18.10.30:804][  0]LogConfig: Setting CVar [[s.AsyncLoadingThreadEnabled:0]]
[2023.08.15-18.10.30:805][  0]LogConfig: Setting CVar [[s.EventDrivenLoaderEnabled:1]]
[2023.08.15-18.10.30:805][  0]LogConfig: Setting CVar [[s.WarnIfTimeLimitExceeded:0]]
[2023.08.15-18.10.30:805][  0]LogConfig: Setting CVar [[s.TimeLimitExceededMultiplier:1.5]]
[2023.08.15-18.10.30:805][  0]LogConfig: Setting CVar [[s.TimeLimitExceededMinTime:0.005]]
[2023.08.15-18.10.30:805][  0]LogConfig: Setting CVar [[s.UseBackgroundLevelStreaming:1]]
[2023.08.15-18.10.30:805][  0]LogConfig: Setting CVar [[s.PriorityAsyncLoadingExtraTime:15.0]]
[2023.08.15-18.10.30:805][  0]LogConfig: Setting CVar [[s.LevelStreamingActorsUpdateTimeLimit:5.0]]
[2023.08.15-18.10.30:805][  0]LogConfig: Setting CVar [[s.PriorityLevelStreamingActorsUpdateExtraTime:5.0]]
[2023.08.15-18.10.30:805][  0]LogConfig: Setting CVar [[s.LevelStreamingComponentsRegistrationGranularity:10]]
[2023.08.15-18.10.30:805][  0]LogConfig: Setting CVar [[s.UnregisterComponentsTimeLimit:1.0]]
[2023.08.15-18.10.30:805][  0]LogConfig: Setting CVar [[s.LevelStreamingComponentsUnregistrationGranularity:5]]
[2023.08.15-18.10.30:805][  0]LogConfig: Setting CVar [[s.FlushStreamingOnExit:1]]
[2023.08.15-18.10.30:805][  0]LogConfig: Applying CVar settings from Section [/Script/Engine.GarbageCollectionSettings] File [H:/Unreal/Projects/OpenRPG_Stats/Saved/Config/Windows/Engine.ini]
[2023.08.15-18.10.30:805][  0]LogConfig: Setting CVar [[gc.MaxObjectsNotConsideredByGC:1]]
[2023.08.15-18.10.30:805][  0]LogConfig: Setting CVar [[gc.SizeOfPermanentObjectPool:0]]
[2023.08.15-18.10.30:805][  0]LogConfig: Setting CVar [[gc.FlushStreamingOnGC:0]]
[2023.08.15-18.10.30:805][  0]LogConfig: Setting CVar [[gc.NumRetriesBeforeForcingGC:10]]
[2023.08.15-18.10.30:805][  0]LogConfig: Setting CVar [[gc.AllowParallelGC:1]]
[2023.08.15-18.10.30:805][  0]LogConfig: Setting CVar [[gc.TimeBetweenPurgingPendingKillObjects:61.1]]
[2023.08.15-18.10.30:805][  0]LogConfig: Setting CVar [[gc.MaxObjectsInEditor:25165824]]
[2023.08.15-18.10.30:805][  0]LogConfig: Setting CVar [[gc.IncrementalBeginDestroyEnabled:1]]
[2023.08.15-18.10.30:805][  0]LogConfig: Setting CVar [[gc.CreateGCClusters:1]]
[2023.08.15-18.10.30:805][  0]LogConfig: Setting CVar [[gc.MinGCClusterSize:5]]
[2023.08.15-18.10.30:805][  0]LogConfig: Setting CVar [[gc.ActorClusteringEnabled:0]]
[2023.08.15-18.10.30:805][  0]LogConfig: Setting CVar [[gc.BlueprintClusteringEnabled:0]]
[2023.08.15-18.10.30:805][  0]LogConfig: Setting CVar [[gc.UseDisregardForGCOnDedicatedServers:0]]
[2023.08.15-18.10.30:805][  0]LogConfig: Setting CVar [[gc.MultithreadedDestructionEnabled:1]]
[2023.08.15-18.10.30:805][  0]LogConfig: Applying CVar settings from Section [/Script/Engine.NetworkSettings] File [H:/Unreal/Projects/OpenRPG_Stats/Saved/Config/Windows/Engine.ini]
[2023.08.15-18.10.30:805][  0]LogConfig: Applying CVar settings from Section [/Script/UnrealEd.CookerSettings] File [H:/Unreal/Projects/OpenRPG_Stats/Saved/Config/Windows/Engine.ini]
[2023.08.15-18.10.30:815][  0]LogConfig: Applying CVar settings from Section [ViewDistanceQuality@3] File [H:/Unreal/Projects/OpenRPG_Stats/Saved/Config/Windows/Scalability.ini]
[2023.08.15-18.10.30:816][  0]LogConfig: Setting CVar [[r.SkeletalMeshLODBias:0]]
[2023.08.15-18.10.30:816][  0]LogConfig: Setting CVar [[r.ViewDistanceScale:1.0]]
[2023.08.15-18.10.30:816][  0]LogConfig: Applying CVar settings from Section [AntiAliasingQuality@3] File [H:/Unreal/Projects/OpenRPG_Stats/Saved/Config/Windows/Scalability.ini]
[2023.08.15-18.10.30:816][  0]LogConfig: Setting CVar [[r.PostProcessAAQuality:4]]
[2023.08.15-18.10.30:816][  0]LogConfig: Applying CVar settings from Section [ShadowQuality@3] File [H:/Unreal/Projects/OpenRPG_Stats/Saved/Config/Windows/Scalability.ini]
[2023.08.15-18.10.30:816][  0]LogConfig: Setting CVar [[r.LightFunctionQuality:1]]
[2023.08.15-18.10.30:816][  0]LogConfig: Setting CVar [[r.ShadowQuality:5]]
[2023.08.15-18.10.30:816][  0]LogConfig: Setting CVar [[r.Shadow.CSM.MaxCascades:10]]
[2023.08.15-18.10.30:816][  0]LogConfig: Setting CVar [[r.Shadow.MaxResolution:2048]]
[2023.08.15-18.10.30:816][  0]LogConfig: Setting CVar [[r.Shadow.MaxCSMResolution:2048]]
[2023.08.15-18.10.30:816][  0]LogConfig: Setting CVar [[r.Shadow.RadiusThreshold:0.01]]
[2023.08.15-18.10.30:816][  0]LogConfig: Setting CVar [[r.Shadow.DistanceScale:1.0]]
[2023.08.15-18.10.30:816][  0]LogConfig: Setting CVar [[r.Shadow.CSM.TransitionScale:1.0]]
[2023.08.15-18.10.30:816][  0]LogConfig: Setting CVar [[r.Shadow.PreShadowResolutionFactor:1.0]]
[2023.08.15-18.10.30:816][  0]LogConfig: Setting CVar [[r.DistanceFieldShadowing:1]]
[2023.08.15-18.10.30:816][  0]LogConfig: Setting CVar [[r.DistanceFieldAO:1]]
[2023.08.15-18.10.30:816][  0]LogConfig: Setting CVar [[r.AOQuality:2]]
[2023.08.15-18.10.30:816][  0]LogConfig: Setting CVar [[r.VolumetricFog:1]]
[2023.08.15-18.10.30:816][  0]LogConfig: Setting CVar [[r.VolumetricFog.GridPixelSize:8]]
[2023.08.15-18.10.30:816][  0]LogConfig: Setting CVar [[r.VolumetricFog.GridSizeZ:128]]
[2023.08.15-18.10.30:816][  0]LogConfig: Setting CVar [[r.VolumetricFog.HistoryMissSupersampleCount:4]]
[2023.08.15-18.10.30:816][  0]LogConfig: Setting CVar [[r.LightMaxDrawDistanceScale:1]]
[2023.08.15-18.10.30:816][  0]LogConfig: Setting CVar [[r.CapsuleShadows:1]]
[2023.08.15-18.10.30:816][  0]LogConfig: Applying CVar settings from Section [PostProcessQuality@3] File [H:/Unreal/Projects/OpenRPG_Stats/Saved/Config/Windows/Scalability.ini]
[2023.08.15-18.10.30:816][  0]LogConfig: Setting CVar [[r.MotionBlurQuality:4]]
[2023.08.15-18.10.30:816][  0]LogConfig: Setting CVar [[r.AmbientOcclusionMipLevelFactor:0.4]]
[2023.08.15-18.10.30:816][  0]LogConfig: Setting CVar [[r.AmbientOcclusionMaxQuality:100]]
[2023.08.15-18.10.30:816][  0]LogConfig: Setting CVar [[r.AmbientOcclusionLevels:-1]]
[2023.08.15-18.10.30:816][  0]LogConfig: Setting CVar [[r.AmbientOcclusionRadiusScale:1.0]]
[2023.08.15-18.10.30:816][  0]LogConfig: Setting CVar [[r.DepthOfFieldQuality:2]]
[2023.08.15-18.10.30:816][  0]LogConfig: Setting CVar [[r.RenderTargetPoolMin:400]]
[2023.08.15-18.10.30:816][  0]LogConfig: Setting CVar [[r.LensFlareQuality:2]]
[2023.08.15-18.10.30:816][  0]LogConfig: Setting CVar [[r.SceneColorFringeQuality:1]]
[2023.08.15-18.10.30:816][  0]LogConfig: Setting CVar [[r.EyeAdaptationQuality:2]]
[2023.08.15-18.10.30:816][  0]LogConfig: Setting CVar [[r.BloomQuality:5]]
[2023.08.15-18.10.30:816][  0]LogConfig: Setting CVar [[r.FastBlurThreshold:100]]
[2023.08.15-18.10.30:816][  0]LogConfig: Setting CVar [[r.Upscale.Quality:3]]
[2023.08.15-18.10.30:817][  0]LogConfig: Setting CVar [[r.Tonemapper.GrainQuantization:1]]
[2023.08.15-18.10.30:817][  0]LogConfig: Setting CVar [[r.LightShaftQuality:1]]
[2023.08.15-18.10.30:817][  0]LogConfig: Setting CVar [[r.Filter.SizeScale:1]]
[2023.08.15-18.10.30:817][  0]LogConfig: Setting CVar [[r.Tonemapper.Quality:5]]
[2023.08.15-18.10.30:817][  0]LogConfig: Setting CVar [[r.DOF.Gather.AccumulatorQuality:1        ; higher gathering accumulator quality]]
[2023.08.15-18.10.30:817][  0]LogConfig: Setting CVar [[r.DOF.Gather.PostfilterMethod:1          ; Median3x3 postfilering method]]
[2023.08.15-18.10.30:817][  0]LogConfig: Setting CVar [[r.DOF.Gather.EnableBokehSettings:0       ; no bokeh simulation when gathering]]
[2023.08.15-18.10.30:817][  0]LogConfig: Setting CVar [[r.DOF.Gather.RingCount:4                 ; medium number of samples when gathering]]
[2023.08.15-18.10.30:817][  0]LogConfig: Setting CVar [[r.DOF.Scatter.ForegroundCompositing:1    ; additive foreground scattering]]
[2023.08.15-18.10.30:817][  0]LogConfig: Setting CVar [[r.DOF.Scatter.BackgroundCompositing:2    ; additive background scattering]]
[2023.08.15-18.10.30:817][  0]LogConfig: Setting CVar [[r.DOF.Scatter.EnableBokehSettings:1      ; bokeh simulation when scattering]]
[2023.08.15-18.10.30:817][  0]LogConfig: Setting CVar [[r.DOF.Scatter.MaxSpriteRatio:0.1         ; only a maximum of 10% of scattered bokeh]]
[2023.08.15-18.10.30:817][  0]LogConfig: Setting CVar [[r.DOF.Recombine.Quality:1                ; cheap slight out of focus]]
[2023.08.15-18.10.30:817][  0]LogConfig: Setting CVar [[r.DOF.Recombine.EnableBokehSettings:0    ; no bokeh simulation on slight out of focus]]
[2023.08.15-18.10.30:817][  0]LogConfig: Setting CVar [[r.DOF.TemporalAAQuality:1                ; more stable temporal accumulation]]
[2023.08.15-18.10.30:817][  0]LogConfig: Setting CVar [[r.DOF.Kernel.MaxForegroundRadius:0.025]]
[2023.08.15-18.10.30:817][  0]LogConfig: Setting CVar [[r.DOF.Kernel.MaxBackgroundRadius:0.025]]
[2023.08.15-18.10.30:817][  0]LogConfig: Applying CVar settings from Section [TextureQuality@3] File [H:/Unreal/Projects/OpenRPG_Stats/Saved/Config/Windows/Scalability.ini]
[2023.08.15-18.10.30:817][  0]LogConfig: Setting CVar [[r.Streaming.MipBias:0]]
[2023.08.15-18.10.30:817][  0]LogConfig: Setting CVar [[r.Streaming.AmortizeCPUToGPUCopy:0]]
[2023.08.15-18.10.30:817][  0]LogConfig: Setting CVar [[r.Streaming.MaxNumTexturesToStreamPerFrame:0]]
[2023.08.15-18.10.30:817][  0]LogConfig: Setting CVar [[r.Streaming.Boost:1]]
[2023.08.15-18.10.30:817][  0]LogConfig: Setting CVar [[r.MaxAnisotropy:8]]
[2023.08.15-18.10.30:817][  0]LogConfig: Setting CVar [[r.VT.MaxAnisotropy:8]]
[2023.08.15-18.10.30:817][  0]LogConfig: Setting CVar [[r.Streaming.LimitPoolSizeToVRAM:0]]
[2023.08.15-18.10.30:817][  0]LogConfig: Setting CVar [[r.Streaming.PoolSize:1000]]
[2023.08.15-18.10.30:817][  0]LogConfig: Setting CVar [[r.Streaming.MaxEffectiveScreenSize:0]]
[2023.08.15-18.10.30:817][  0]LogConfig: Applying CVar settings from Section [EffectsQuality@3] File [H:/Unreal/Projects/OpenRPG_Stats/Saved/Config/Windows/Scalability.ini]
[2023.08.15-18.10.30:817][  0]LogConfig: Setting CVar [[r.TranslucencyLightingVolumeDim:64]]
[2023.08.15-18.10.30:817][  0]LogConfig: Setting CVar [[r.RefractionQuality:2]]
[2023.08.15-18.10.30:818][  0]LogConfig: Setting CVar [[r.SSR.Quality:3]]
[2023.08.15-18.10.30:818][  0]LogConfig: Setting CVar [[r.SSR.HalfResSceneColor:0]]
[2023.08.15-18.10.30:818][  0]LogConfig: Setting CVar [[r.SceneColorFormat:4]]
[2023.08.15-18.10.30:818][  0]LogConfig: Setting CVar [[r.DetailMode:2]]
[2023.08.15-18.10.30:818][  0]LogConfig: Setting CVar [[r.TranslucencyVolumeBlur:1]]
[2023.08.15-18.10.30:818][  0]LogConfig: Setting CVar [[r.MaterialQualityLevel:1 ; High quality]]
[2023.08.15-18.10.30:818][  0]LogConfig: Setting CVar [[r.AnisotropicMaterials:1]]
[2023.08.15-18.10.30:818][  0]LogConfig: Setting CVar [[r.SSS.Scale:1]]
[2023.08.15-18.10.30:818][  0]LogConfig: Setting CVar [[r.SSS.SampleSet:2]]
[2023.08.15-18.10.30:818][  0]LogConfig: Setting CVar [[r.SSS.Quality:1]]
[2023.08.15-18.10.30:818][  0]LogConfig: Setting CVar [[r.SSS.HalfRes:0]]
[2023.08.15-18.10.30:818][  0]LogConfig: Setting CVar [[r.SSGI.Quality:3]]
[2023.08.15-18.10.30:818][  0]LogConfig: Setting CVar [[r.EmitterSpawnRateScale:1.0]]
[2023.08.15-18.10.30:818][  0]LogConfig: Setting CVar [[r.ParticleLightQuality:2]]
[2023.08.15-18.10.30:818][  0]LogConfig: Setting CVar [[r.SkyAtmosphere.AerialPerspectiveLUT.FastApplyOnOpaque:1 ; Always have FastSkyLUT 1 in this case to avoid wrong sky]]
[2023.08.15-18.10.30:818][  0]LogConfig: Setting CVar [[r.SkyAtmosphere.AerialPerspectiveLUT.SampleCountMaxPerSlice:4]]
[2023.08.15-18.10.30:818][  0]LogConfig: Setting CVar [[r.SkyAtmosphere.AerialPerspectiveLUT.DepthResolution:16.0]]
[2023.08.15-18.10.30:818][  0]LogConfig: Setting CVar [[r.SkyAtmosphere.FastSkyLUT:1]]
[2023.08.15-18.10.30:818][  0]LogConfig: Setting CVar [[r.SkyAtmosphere.FastSkyLUT.SampleCountMin:4.0]]
[2023.08.15-18.10.30:818][  0]LogConfig: Setting CVar [[r.SkyAtmosphere.FastSkyLUT.SampleCountMax:128.0]]
[2023.08.15-18.10.30:819][  0]LogConfig: Setting CVar [[r.SkyAtmosphere.SampleCountMin:4.0]]
[2023.08.15-18.10.30:819][  0]LogConfig: Setting CVar [[r.SkyAtmosphere.SampleCountMax:128.0]]
[2023.08.15-18.10.30:819][  0]LogConfig: Setting CVar [[r.SkyAtmosphere.TransmittanceLUT.UseSmallFormat:0]]
[2023.08.15-18.10.30:819][  0]LogConfig: Setting CVar [[r.SkyAtmosphere.TransmittanceLUT.SampleCount:10.0]]
[2023.08.15-18.10.30:819][  0]LogConfig: Setting CVar [[r.SkyAtmosphere.MultiScatteringLUT.SampleCount:15.0]]
[2023.08.15-18.10.30:819][  0]LogConfig: Setting CVar [[r.SkyLight.RealTimeReflectionCapture:1]]
[2023.08.15-18.10.30:819][  0]LogConfig: Applying CVar settings from Section [FoliageQuality@3] File [H:/Unreal/Projects/OpenRPG_Stats/Saved/Config/Windows/Scalability.ini]
[2023.08.15-18.10.30:819][  0]LogConfig: Setting CVar [[foliage.DensityScale:1.0]]
[2023.08.15-18.10.30:819][  0]LogConfig: Setting CVar [[grass.DensityScale:1.0]]
[2023.08.15-18.10.30:819][  0]LogConfig: Applying CVar settings from Section [ShadingQuality@3] File [H:/Unreal/Projects/OpenRPG_Stats/Saved/Config/Windows/Scalability.ini]
[2023.08.15-18.10.30:819][  0]LogConfig: Setting CVar [[r.HairStrands.SkyLighting.IntegrationType:2]]
[2023.08.15-18.10.30:819][  0]LogConfig: Setting CVar [[r.HairStrands.SkyAO.SampleCount:4]]
[2023.08.15-18.10.30:819][  0]LogConfig: Setting CVar [[r.HairStrands.Visibility.MSAA.SamplePerPixel:4]]
[2023.08.15-18.10.30:819][  0]LogInit: Selected Device Profile: [Windows]
[2023.08.15-18.10.30:819][  0]LogInit: Applying CVar settings loaded from the selected device profile: [Windows]
[2023.08.15-18.10.30:819][  0]LogHAL: Display: Platform has ~ 16 GB [17151270912 / 17179869184 / 16], which maps to Larger [LargestMinGB=32, LargerMinGB=12, DefaultMinGB=8, SmallerMinGB=6, SmallestMinGB=0)
[2023.08.15-18.10.30:819][  0]LogInit: Going up to parent DeviceProfile []
[2023.08.15-18.10.30:820][  0]LogConfig: Applying CVar settings from Section [ViewDistanceQuality@3] File [H:/Unreal/Projects/OpenRPG_Stats/Saved/Config/Windows/Scalability.ini]
[2023.08.15-18.10.30:820][  0]LogConfig: Setting CVar [[r.SkeletalMeshLODBias:0]]
[2023.08.15-18.10.30:820][  0]LogConfig: Setting CVar [[r.ViewDistanceScale:1.0]]
[2023.08.15-18.10.30:820][  0]LogConfig: Applying CVar settings from Section [AntiAliasingQuality@3] File [H:/Unreal/Projects/OpenRPG_Stats/Saved/Config/Windows/Scalability.ini]
[2023.08.15-18.10.30:820][  0]LogConfig: Setting CVar [[r.PostProcessAAQuality:4]]
[2023.08.15-18.10.30:820][  0]LogConfig: Applying CVar settings from Section [ShadowQuality@3] File [H:/Unreal/Projects/OpenRPG_Stats/Saved/Config/Windows/Scalability.ini]
[2023.08.15-18.10.30:820][  0]LogConfig: Setting CVar [[r.LightFunctionQuality:1]]
[2023.08.15-18.10.30:820][  0]LogConfig: Setting CVar [[r.ShadowQuality:5]]
[2023.08.15-18.10.30:820][  0]LogConfig: Setting CVar [[r.Shadow.CSM.MaxCascades:10]]
[2023.08.15-18.10.30:820][  0]LogConfig: Setting CVar [[r.Shadow.MaxResolution:2048]]
[2023.08.15-18.10.30:820][  0]LogConfig: Setting CVar [[r.Shadow.MaxCSMResolution:2048]]
[2023.08.15-18.10.30:820][  0]LogConfig: Setting CVar [[r.Shadow.RadiusThreshold:0.01]]
[2023.08.15-18.10.30:820][  0]LogConfig: Setting CVar [[r.Shadow.DistanceScale:1.0]]
[2023.08.15-18.10.30:820][  0]LogConfig: Setting CVar [[r.Shadow.CSM.TransitionScale:1.0]]
[2023.08.15-18.10.30:820][  0]LogConfig: Setting CVar [[r.Shadow.PreShadowResolutionFactor:1.0]]
[2023.08.15-18.10.30:821][  0]LogConfig: Setting CVar [[r.DistanceFieldShadowing:1]]
[2023.08.15-18.10.30:821][  0]LogConfig: Setting CVar [[r.DistanceFieldAO:1]]
[2023.08.15-18.10.30:821][  0]LogConfig: Setting CVar [[r.AOQuality:2]]
[2023.08.15-18.10.30:821][  0]LogConfig: Setting CVar [[r.VolumetricFog:1]]
[2023.08.15-18.10.30:821][  0]LogConfig: Setting CVar [[r.VolumetricFog.GridPixelSize:8]]
[2023.08.15-18.10.30:821][  0]LogConfig: Setting CVar [[r.VolumetricFog.GridSizeZ:128]]
[2023.08.15-18.10.30:821][  0]LogConfig: Setting CVar [[r.VolumetricFog.HistoryMissSupersampleCount:4]]
[2023.08.15-18.10.30:821][  0]LogConfig: Setting CVar [[r.LightMaxDrawDistanceScale:1]]
[2023.08.15-18.10.30:821][  0]LogConfig: Setting CVar [[r.CapsuleShadows:1]]
[2023.08.15-18.10.30:821][  0]LogConfig: Applying CVar settings from Section [PostProcessQuality@3] File [H:/Unreal/Projects/OpenRPG_Stats/Saved/Config/Windows/Scalability.ini]
[2023.08.15-18.10.30:821][  0]LogConfig: Setting CVar [[r.MotionBlurQuality:4]]
[2023.08.15-18.10.30:821][  0]LogConfig: Setting CVar [[r.AmbientOcclusionMipLevelFactor:0.4]]
[2023.08.15-18.10.30:821][  0]LogConfig: Setting CVar [[r.AmbientOcclusionMaxQuality:100]]
[2023.08.15-18.10.30:821][  0]LogConfig: Setting CVar [[r.AmbientOcclusionLevels:-1]]
[2023.08.15-18.10.30:821][  0]LogConfig: Setting CVar [[r.AmbientOcclusionRadiusScale:1.0]]
[2023.08.15-18.10.30:821][  0]LogConfig: Setting CVar [[r.DepthOfFieldQuality:2]]
[2023.08.15-18.10.30:821][  0]LogConfig: Setting CVar [[r.RenderTargetPoolMin:400]]
[2023.08.15-18.10.30:821][  0]LogConfig: Setting CVar [[r.LensFlareQuality:2]]
[2023.08.15-18.10.30:821][  0]LogConfig: Setting CVar [[r.SceneColorFringeQuality:1]]
[2023.08.15-18.10.30:821][  0]LogConfig: Setting CVar [[r.EyeAdaptationQuality:2]]
[2023.08.15-18.10.30:821][  0]LogConfig: Setting CVar [[r.BloomQuality:5]]
[2023.08.15-18.10.30:822][  0]LogConfig: Setting CVar [[r.FastBlurThreshold:100]]
[2023.08.15-18.10.30:822][  0]LogConfig: Setting CVar [[r.Upscale.Quality:3]]
[2023.08.15-18.10.30:822][  0]LogConfig: Setting CVar [[r.Tonemapper.GrainQuantization:1]]
[2023.08.15-18.10.30:822][  0]LogConfig: Setting CVar [[r.LightShaftQuality:1]]
[2023.08.15-18.10.30:822][  0]LogConfig: Setting CVar [[r.Filter.SizeScale:1]]
[2023.08.15-18.10.30:822][  0]LogConfig: Setting CVar [[r.Tonemapper.Quality:5]]
[2023.08.15-18.10.30:822][  0]LogConfig: Setting CVar [[r.DOF.Gather.AccumulatorQuality:1        ; higher gathering accumulator quality]]
[2023.08.15-18.10.30:822][  0]LogConfig: Setting CVar [[r.DOF.Gather.PostfilterMethod:1          ; Median3x3 postfilering method]]
[2023.08.15-18.10.30:822][  0]LogConfig: Setting CVar [[r.DOF.Gather.EnableBokehSettings:0       ; no bokeh simulation when gathering]]
[2023.08.15-18.10.30:822][  0]LogConfig: Setting CVar [[r.DOF.Gather.RingCount:4                 ; medium number of samples when gathering]]
[2023.08.15-18.10.30:822][  0]LogConfig: Setting CVar [[r.DOF.Scatter.ForegroundCompositing:1    ; additive foreground scattering]]
[2023.08.15-18.10.30:822][  0]LogConfig: Setting CVar [[r.DOF.Scatter.BackgroundCompositing:2    ; additive background scattering]]
[2023.08.15-18.10.30:822][  0]LogConfig: Setting CVar [[r.DOF.Scatter.EnableBokehSettings:1      ; bokeh simulation when scattering]]
[2023.08.15-18.10.30:822][  0]LogConfig: Setting CVar [[r.DOF.Scatter.MaxSpriteRatio:0.1         ; only a maximum of 10% of scattered bokeh]]
[2023.08.15-18.10.30:822][  0]LogConfig: Setting CVar [[r.DOF.Recombine.Quality:1                ; cheap slight out of focus]]
[2023.08.15-18.10.30:822][  0]LogConfig: Setting CVar [[r.DOF.Recombine.EnableBokehSettings:0    ; no bokeh simulation on slight out of focus]]
[2023.08.15-18.10.30:822][  0]LogConfig: Setting CVar [[r.DOF.TemporalAAQuality:1                ; more stable temporal accumulation]]
[2023.08.15-18.10.30:823][  0]LogConfig: Setting CVar [[r.DOF.Kernel.MaxForegroundRadius:0.025]]
[2023.08.15-18.10.30:823][  0]LogConfig: Setting CVar [[r.DOF.Kernel.MaxBackgroundRadius:0.025]]
[2023.08.15-18.10.30:823][  0]LogConfig: Applying CVar settings from Section [TextureQuality@3] File [H:/Unreal/Projects/OpenRPG_Stats/Saved/Config/Windows/Scalability.ini]
[2023.08.15-18.10.30:823][  0]LogConfig: Setting CVar [[r.Streaming.MipBias:0]]
[2023.08.15-18.10.30:823][  0]LogConfig: Setting CVar [[r.Streaming.AmortizeCPUToGPUCopy:0]]
[2023.08.15-18.10.30:823][  0]LogConfig: Setting CVar [[r.Streaming.MaxNumTexturesToStreamPerFrame:0]]
[2023.08.15-18.10.30:823][  0]LogConfig: Setting CVar [[r.Streaming.Boost:1]]
[2023.08.15-18.10.30:823][  0]LogConfig: Setting CVar [[r.MaxAnisotropy:8]]
[2023.08.15-18.10.30:823][  0]LogConfig: Setting CVar [[r.VT.MaxAnisotropy:8]]
[2023.08.15-18.10.30:823][  0]LogConfig: Setting CVar [[r.Streaming.LimitPoolSizeToVRAM:0]]
[2023.08.15-18.10.30:823][  0]LogConfig: Setting CVar [[r.Streaming.PoolSize:1000]]
[2023.08.15-18.10.30:823][  0]LogConfig: Setting CVar [[r.Streaming.MaxEffectiveScreenSize:0]]
[2023.08.15-18.10.30:823][  0]LogConfig: Applying CVar settings from Section [EffectsQuality@3] File [H:/Unreal/Projects/OpenRPG_Stats/Saved/Config/Windows/Scalability.ini]
[2023.08.15-18.10.30:823][  0]LogConfig: Setting CVar [[r.TranslucencyLightingVolumeDim:64]]
[2023.08.15-18.10.30:823][  0]LogConfig: Setting CVar [[r.RefractionQuality:2]]
[2023.08.15-18.10.30:823][  0]LogConfig: Setting CVar [[r.SSR.Quality:3]]
[2023.08.15-18.10.30:823][  0]LogConfig: Setting CVar [[r.SSR.HalfResSceneColor:0]]
[2023.08.15-18.10.30:823][  0]LogConfig: Setting CVar [[r.SceneColorFormat:4]]
[2023.08.15-18.10.30:823][  0]LogConfig: Setting CVar [[r.DetailMode:2]]
[2023.08.15-18.10.30:823][  0]LogConfig: Setting CVar [[r.TranslucencyVolumeBlur:1]]
[2023.08.15-18.10.30:823][  0]LogConfig: Setting CVar [[r.MaterialQualityLevel:1 ; High quality]]
[2023.08.15-18.10.30:823][  0]LogConfig: Setting CVar [[r.AnisotropicMaterials:1]]
[2023.08.15-18.10.30:823][  0]LogConfig: Setting CVar [[r.SSS.Scale:1]]
[2023.08.15-18.10.30:824][  0]LogConfig: Setting CVar [[r.SSS.SampleSet:2]]
[2023.08.15-18.10.30:824][  0]LogConfig: Setting CVar [[r.SSS.Quality:1]]
[2023.08.15-18.10.30:824][  0]LogConfig: Setting CVar [[r.SSS.HalfRes:0]]
[2023.08.15-18.10.30:824][  0]LogConfig: Setting CVar [[r.SSGI.Quality:3]]
[2023.08.15-18.10.30:824][  0]LogConfig: Setting CVar [[r.EmitterSpawnRateScale:1.0]]
[2023.08.15-18.10.30:824][  0]LogConfig: Setting CVar [[r.ParticleLightQuality:2]]
[2023.08.15-18.10.30:824][  0]LogConfig: Setting CVar [[r.SkyAtmosphere.AerialPerspectiveLUT.FastApplyOnOpaque:1 ; Always have FastSkyLUT 1 in this case to avoid wrong sky]]
[2023.08.15-18.10.30:824][  0]LogConfig: Setting CVar [[r.SkyAtmosphere.AerialPerspectiveLUT.SampleCountMaxPerSlice:4]]
[2023.08.15-18.10.30:824][  0]LogConfig: Setting CVar [[r.SkyAtmosphere.AerialPerspectiveLUT.DepthResolution:16.0]]
[2023.08.15-18.10.30:824][  0]LogConfig: Setting CVar [[r.SkyAtmosphere.FastSkyLUT:1]]
[2023.08.15-18.10.30:824][  0]LogConfig: Setting CVar [[r.SkyAtmosphere.FastSkyLUT.SampleCountMin:4.0]]
[2023.08.15-18.10.30:824][  0]LogConfig: Setting CVar [[r.SkyAtmosphere.FastSkyLUT.SampleCountMax:128.0]]
[2023.08.15-18.10.30:824][  0]LogConfig: Setting CVar [[r.SkyAtmosphere.SampleCountMin:4.0]]
[2023.08.15-18.10.30:824][  0]LogConfig: Setting CVar [[r.SkyAtmosphere.SampleCountMax:128.0]]
[2023.08.15-18.10.30:824][  0]LogConfig: Setting CVar [[r.SkyAtmosphere.TransmittanceLUT.UseSmallFormat:0]]
[2023.08.15-18.10.30:824][  0]LogConfig: Setting CVar [[r.SkyAtmosphere.TransmittanceLUT.SampleCount:10.0]]
[2023.08.15-18.10.30:824][  0]LogConfig: Setting CVar [[r.SkyAtmosphere.MultiScatteringLUT.SampleCount:15.0]]
[2023.08.15-18.10.30:824][  0]LogConfig: Setting CVar [[r.SkyLight.RealTimeReflectionCapture:1]]
[2023.08.15-18.10.30:824][  0]LogConfig: Applying CVar settings from Section [FoliageQuality@3] File [H:/Unreal/Projects/OpenRPG_Stats/Saved/Config/Windows/Scalability.ini]
[2023.08.15-18.10.30:824][  0]LogConfig: Setting CVar [[foliage.DensityScale:1.0]]
[2023.08.15-18.10.30:824][  0]LogConfig: Setting CVar [[grass.DensityScale:1.0]]
[2023.08.15-18.10.30:824][  0]LogConfig: Applying CVar settings from Section [ShadingQuality@3] File [H:/Unreal/Projects/OpenRPG_Stats/Saved/Config/Windows/Scalability.ini]
[2023.08.15-18.10.30:824][  0]LogConfig: Setting CVar [[r.HairStrands.SkyLighting.IntegrationType:2]]
[2023.08.15-18.10.30:824][  0]LogConfig: Setting CVar [[r.HairStrands.SkyAO.SampleCount:4]]
[2023.08.15-18.10.30:824][  0]LogConfig: Setting CVar [[r.HairStrands.Visibility.MSAA.SamplePerPixel:4]]
[2023.08.15-18.10.30:824][  0]LogConfig: Applying CVar settings from Section [Startup] File [../../../Engine/Config/ConsoleVariables.ini]
[2023.08.15-18.10.30:837][  0]LogConfig: Setting CVar [[net.UseAdaptiveNetUpdateFrequency:0]]
[2023.08.15-18.10.30:837][  0]LogConfig: Setting CVar [[p.chaos.AllowCreatePhysxBodies:1]]
[2023.08.15-18.10.30:837][  0]LogConfig: Setting CVar [[fx.SkipVectorVMBackendOptimizations:1]]
[2023.08.15-18.10.30:837][  0]LogConfig: Applying CVar settings from Section [ConsoleVariables] File [H:/Unreal/Projects/OpenRPG_Stats/Saved/Config/Windows/Engine.ini]
[2023.08.15-18.10.30:837][  0]LogConfig: Applying CVar settings from Section [ConsoleVariables] File [H:/Unreal/Projects/OpenRPG_Stats/Saved/Config/Windows/Editor.ini]
[2023.08.15-18.10.30:837][  0]LogInit: Computer: DESKTOP-CI9DPIB
[2023.08.15-18.10.30:837][  0]LogInit: User: myaff
[2023.08.15-18.10.30:837][  0]LogInit: CPU Page size=4096, Cores=4
[2023.08.15-18.10.30:837][  0]LogInit: High frequency timer resolution =10.000000 MHz
[2023.08.15-18.10.30:837][  0]LogMemory: Memory total: Physical=16.0GB (16GB approx)
[2023.08.15-18.10.30:837][  0]LogMemory: Platform Memory Stats for Windows
[2023.08.15-18.10.30:837][  0]LogMemory: Process Physical Memory: 141.86 MB used, 141.86 MB peak
[2023.08.15-18.10.30:837][  0]LogMemory: Process Virtual Memory: 112.20 MB used, 112.20 MB peak
[2023.08.15-18.10.30:837][  0]LogMemory: Physical Memory: 8774.66 MB used,  7582.07 MB free, 16356.73 MB total
[2023.08.15-18.10.30:837][  0]LogMemory: Virtual Memory: 134210928.00 MB used,  6801.84 MB free, 134217728.00 MB total
[2023.08.15-18.10.30:981][  0]LogWindows: WindowsPlatformFeatures enabled
[2023.08.15-18.10.31:780][  0]LogInit: Physics initialised using underlying interface: PhysX
[2023.08.15-18.10.31:785][  0]LogInit: Using OS detected language (ru-RU).
[2023.08.15-18.10.31:785][  0]LogInit: Using OS detected locale (ru-RU).
[2023.08.15-18.10.31:789][  0]LogTextLocalizationManager: No specific localization for 'ru-RU' exists, so the 'ru' localization will be used.
[2023.08.15-18.10.31:790][  0]LogTextLocalizationResource: LocRes '../../../Engine/Content/Localization/Editor/ru/Editor.locres' could not be opened for reading!
[2023.08.15-18.10.31:790][  0]LogTextLocalizationResource: LocRes '../../../Engine/Content/Localization/EditorTutorials/ru/EditorTutorials.locres' could not be opened for reading!
[2023.08.15-18.10.31:790][  0]LogTextLocalizationResource: LocRes '../../../Engine/Content/Localization/Keywords/ru/Keywords.locres' could not be opened for reading!
[2023.08.15-18.10.31:790][  0]LogTextLocalizationResource: LocRes '../../../Engine/Content/Localization/Category/ru/Category.locres' could not be opened for reading!
[2023.08.15-18.10.31:790][  0]LogTextLocalizationResource: LocRes '../../../Engine/Content/Localization/ToolTips/ru/ToolTips.locres' could not be opened for reading!
[2023.08.15-18.10.31:790][  0]LogTextLocalizationResource: LocRes '../../../Engine/Content/Localization/PropertyNames/ru/PropertyNames.locres' could not be opened for reading!
[2023.08.15-18.10.31:790][  0]LogTextLocalizationResource: LocRes '../../../Engine/Content/Localization/Engine/ru/Engine.locres' could not be opened for reading!
[2023.08.15-18.10.31:833][  0]LogInit: Setting process to per monitor DPI aware
[2023.08.15-18.10.31:890][  0]LogWindowsTextInputMethodSystem: Display: IME system deactivated.
[2023.08.15-18.10.32:032][  0]LogSlate: New Slate User Created.  User Index 0, Is Virtual User: 0
[2023.08.15-18.10.32:032][  0]LogSlate: Slate User Registered.  User Index 0, Is Virtual User: 0
[2023.08.15-18.10.37:887][  0]LogD3D11RHI: Loaded GFSDK_Aftermath_Lib.x64.dll
[2023.08.15-18.10.37:891][  0]LogHMD: Failed to initialize OpenVR with code 110
[2023.08.15-18.10.37:891][  0]LogD3D11RHI: D3D11 min allowed feature level: 11_0
[2023.08.15-18.10.37:891][  0]LogD3D11RHI: D3D11 max allowed feature level: 11_0
[2023.08.15-18.10.37:891][  0]LogD3D11RHI: D3D11 adapters:
[2023.08.15-18.10.38:259][  0]LogD3D11RHI:    0. 'NVIDIA GeForce RTX 3070' (Feature Level 11_0)
[2023.08.15-18.10.38:259][  0]LogD3D11RHI:       8031/0/8178 MB DedicatedVideo/DedicatedSystem/SharedSystem, Outputs:1, VendorId:0x10de
[2023.08.15-18.10.38:263][  0]LogD3D11RHI:    1. 'Microsoft Basic Render Driver' (Feature Level 11_0)
[2023.08.15-18.10.38:263][  0]LogD3D11RHI:       0/0/8178 MB DedicatedVideo/DedicatedSystem/SharedSystem, Outputs:0, VendorId:0x1414
[2023.08.15-18.10.38:263][  0]LogD3D11RHI: Chosen D3D11 Adapter:
[2023.08.15-18.10.38:263][  0]LogD3D11RHI:     Description : NVIDIA GeForce RTX 3070
[2023.08.15-18.10.38:263][  0]LogD3D11RHI:     VendorId    : 10de
[2023.08.15-18.10.38:263][  0]LogD3D11RHI:     DeviceId    : 2488
[2023.08.15-18.10.38:263][  0]LogD3D11RHI:     SubSysId    : 44494d50
[2023.08.15-18.10.38:263][  0]LogD3D11RHI:     Revision    : 00a1
[2023.08.15-18.10.38:263][  0]LogD3D11RHI:     DedicatedVideoMemory : 8421113856 bytes
[2023.08.15-18.10.38:263][  0]LogD3D11RHI:     DedicatedSystemMemory : 0 bytes
[2023.08.15-18.10.38:263][  0]LogD3D11RHI:     SharedSystemMemory : 8575635456 bytes
[2023.08.15-18.10.38:263][  0]LogD3D11RHI:     AdapterLuid : 0 179701942
[2023.08.15-18.10.38:275][  0]LogD3D11RHI: Creating new Direct3DDevice
[2023.08.15-18.10.38:275][  0]LogD3D11RHI:     GPU DeviceId: 0x2488 (for the marketing name, search the web for "GPU Device Id")
[2023.08.15-18.10.38:275][  0]LogWindows: EnumDisplayDevices:
[2023.08.15-18.10.38:275][  0]LogWindows:    0. 'NVIDIA GeForce RTX 3070' (P:1 D:1)
[2023.08.15-18.10.38:276][  0]LogWindows:    1. 'NVIDIA GeForce RTX 3070' (P:0 D:0)
[2023.08.15-18.10.38:277][  0]LogWindows:    2. 'NVIDIA GeForce RTX 3070' (P:0 D:0)
[2023.08.15-18.10.38:277][  0]LogWindows:    3. 'NVIDIA GeForce RTX 3070' (P:0 D:0)
[2023.08.15-18.10.38:277][  0]LogWindows: DebugString: FoundDriverCount:4 
[2023.08.15-18.10.38:277][  0]LogD3D11RHI:     Adapter Name: NVIDIA GeForce RTX 3070
[2023.08.15-18.10.38:277][  0]LogD3D11RHI:   Driver Version: 536.23 (internal:31.0.15.3623, unified:536.23)
[2023.08.15-18.10.38:277][  0]LogD3D11RHI:      Driver Date: 6-8-2023
[2023.08.15-18.10.38:277][  0]LogRHI: Texture pool is 5621 MB (70% of 8031 MB)
[2023.08.15-18.10.38:277][  0]LogD3D11RHI: Creating D3DDevice using adapter:
[2023.08.15-18.10.38:277][  0]LogD3D11RHI:     Description : NVIDIA GeForce RTX 3070
[2023.08.15-18.10.38:277][  0]LogD3D11RHI:     VendorId    : 10de
[2023.08.15-18.10.38:277][  0]LogD3D11RHI:     DeviceId    : 2488
[2023.08.15-18.10.38:277][  0]LogD3D11RHI:     SubSysId    : 44494d50
[2023.08.15-18.10.38:277][  0]LogD3D11RHI:     Revision    : 00a1
[2023.08.15-18.10.38:277][  0]LogD3D11RHI:     DedicatedVideoMemory : 8421113856 bytes
[2023.08.15-18.10.38:277][  0]LogD3D11RHI:     DedicatedSystemMemory : 0 bytes
[2023.08.15-18.10.38:278][  0]LogD3D11RHI:     SharedSystemMemory : 8575635456 bytes
[2023.08.15-18.10.38:278][  0]LogD3D11RHI:     AdapterLuid : 0 179701942
[2023.08.15-18.10.38:542][  0]LogD3D11RHI: RHI has support for 64 bit atomics
[2023.08.15-18.10.38:542][  0]LogD3D11RHI: Async texture creation enabled
[2023.08.15-18.10.38:543][  0]LogD3D11RHI: Array index from any shader is supported
[2023.08.15-18.10.38:581][  0]LogD3D11RHI: GPU Timing Frequency: 1000.000000 (Debug: 2 3)
[2023.08.15-18.10.38:736][  0]LogRHI: GeForceNow SDK initialized: 1
[2023.08.15-18.10.40:622][  0]LogTargetPlatformManager: Display: Loaded TargetPlatform 'AllDesktop'
[2023.08.15-18.10.40:715][  0]LogTargetPlatformManager: Display: Loaded TargetPlatform 'Android'
[2023.08.15-18.10.40:715][  0]LogTargetPlatformManager: Display: Loaded TargetPlatform 'Android_ASTC'
[2023.08.15-18.10.40:715][  0]LogTargetPlatformManager: Display: Loaded TargetPlatform 'Android_DXT'
[2023.08.15-18.10.40:715][  0]LogTargetPlatformManager: Display: Loaded TargetPlatform 'Android_ETC2'
[2023.08.15-18.10.40:715][  0]LogTargetPlatformManager: Display: Loaded TargetPlatform 'AndroidClient'
[2023.08.15-18.10.40:715][  0]LogTargetPlatformManager: Display: Loaded TargetPlatform 'Android_ASTCClient'
[2023.08.15-18.10.40:715][  0]LogTargetPlatformManager: Display: Loaded TargetPlatform 'Android_DXTClient'
[2023.08.15-18.10.40:715][  0]LogTargetPlatformManager: Display: Loaded TargetPlatform 'Android_ETC2Client'
[2023.08.15-18.10.40:715][  0]LogTargetPlatformManager: Display: Loaded TargetPlatform 'Android_Multi'
[2023.08.15-18.10.40:716][  0]LogTargetPlatformManager: Display: Loaded TargetPlatform 'Android_MultiClient'
[2023.08.15-18.10.40:913][  0]LogTargetPlatformManager: Display: Loaded TargetPlatform 'IOSClient'
[2023.08.15-18.10.40:913][  0]LogTargetPlatformManager: Display: Loaded TargetPlatform 'IOS'
[2023.08.15-18.10.41:031][  0]LogTargetPlatformManager: Display: Loaded TargetPlatform 'Linux'
[2023.08.15-18.10.41:093][  0]LogTargetPlatformManager: Display: Loaded TargetPlatform 'LinuxNoEditor'
[2023.08.15-18.10.41:147][  0]LogTargetPlatformManager: Display: Loaded TargetPlatform 'LinuxClient'
[2023.08.15-18.10.41:242][  0]LogTargetPlatformManager: Display: Loaded TargetPlatform 'LinuxServer'
[2023.08.15-18.10.41:322][  0]LogTargetPlatformManager: Display: Loaded TargetPlatform 'LinuxAArch64NoEditor'
[2023.08.15-18.10.41:368][  0]LogTargetPlatformManager: Display: Loaded TargetPlatform 'LinuxAArch64Client'
[2023.08.15-18.10.41:417][  0]LogTargetPlatformManager: Display: Loaded TargetPlatform 'LinuxAArch64Server'
[2023.08.15-18.10.41:559][  0]LogTargetPlatformManager: Display: Loaded TargetPlatform 'Lumin'
[2023.08.15-18.10.41:559][  0]LogTargetPlatformManager: Display: Loaded TargetPlatform 'LuminClient'
[2023.08.15-18.10.41:643][  0]LogTargetPlatformManager: Display: Loaded TargetPlatform 'MacNoEditor'
[2023.08.15-18.10.41:703][  0]LogTargetPlatformManager: Display: Loaded TargetPlatform 'Mac'
[2023.08.15-18.10.41:788][  0]LogTargetPlatformManager: Display: Loaded TargetPlatform 'MacClient'
[2023.08.15-18.10.41:842][  0]LogTargetPlatformManager: Display: Loaded TargetPlatform 'MacServer'
[2023.08.15-18.10.41:910][  0]LogTargetPlatformManager: Display: Loaded TargetPlatform 'TVOSClient'
[2023.08.15-18.10.41:910][  0]LogTargetPlatformManager: Display: Loaded TargetPlatform 'TVOS'
[2023.08.15-18.10.41:978][  0]LogTargetPlatformManager: Display: Loaded TargetPlatform 'WindowsNoEditor'
[2023.08.15-18.10.42:042][  0]LogTargetPlatformManager: Display: Loaded TargetPlatform 'Windows'
[2023.08.15-18.10.42:102][  0]LogTargetPlatformManager: Display: Loaded TargetPlatform 'WindowsClient'
[2023.08.15-18.10.42:159][  0]LogTargetPlatformManager: Display: Loaded TargetPlatform 'WindowsServer'
[2023.08.15-18.10.42:159][  0]LogTargetPlatformManager: Display: Building Assets For Windows
[2023.08.15-18.10.42:406][  0]LogAudioDebug: Display: Lib vorbis DLL was dynamically loaded.
[2023.08.15-18.10.43:077][  0]LogTextureFormatOodle: Display: Oodle Texture 2.9.0 init RDO Off
[2023.08.15-18.10.43:937][  0]LogRendererCore: Ray tracing is disabled. Reason: r.RayTracing=0.
[2023.08.15-18.10.43:937][  0]LogShaderCompilers: Guid format shader working directory is 11 characters bigger than the processId version (../../../../Projects/OpenRPG_Stats/Intermediate/Shaders/WorkingDirectory/15304/).
[2023.08.15-18.10.43:938][  0]LogShaderCompilers: Cleaned the shader compiler working directory 'C:/Users/myaff/AppData/Local/Temp/UnrealShaderWorkingDir/C8635F854D44A5DA0E0E3EACA5B2DD7E/'.
[2023.08.15-18.10.43:938][  0]LogXGEController: Cannot use XGE Controller as Incredibuild is not installed on this machine.
[2023.08.15-18.10.43:938][  0]LogShaderCompilers: Cannot use XGE Shader Compiler as Incredibuild is not installed on this machine.
[2023.08.15-18.10.43:938][  0]LogShaderCompilers: Display: Using Local Shader Compiler.
[2023.08.15-18.10.51:954][  0]LogDerivedDataCache: Display: Max Cache Size: 512 MB
[2023.08.15-18.10.52:113][  0]LogDerivedDataCache: Loaded boot cache 0.16s 94MB C:/Users/myaff/AppData/Local/UnrealEngine/4.27/DerivedDataCache/Boot.ddc.
[2023.08.15-18.10.52:113][  0]LogDerivedDataCache: Display: Loaded Boot cache: C:/Users/myaff/AppData/Local/UnrealEngine/4.27/DerivedDataCache/Boot.ddc
[2023.08.15-18.10.52:113][  0]LogDerivedDataCache: FDerivedDataBackendGraph:  Pak pak cache file ../../../../Projects/OpenRPG_Stats/DerivedDataCache/DDC.ddp not found, will not use a pak cache.
[2023.08.15-18.10.52:113][  0]LogDerivedDataCache: Unable to find inner node Pak for hierarchical cache Hierarchy.
[2023.08.15-18.10.52:113][  0]LogDerivedDataCache: FDerivedDataBackendGraph:  CompressedPak pak cache file ../../../../Projects/OpenRPG_Stats/DerivedDataCache/Compressed.ddp not found, will not use a pak cache.
[2023.08.15-18.10.52:114][  0]LogDerivedDataCache: Unable to find inner node CompressedPak for hierarchical cache Hierarchy.
[2023.08.15-18.10.52:172][  0]LogDerivedDataCache: Display: Pak cache opened for reading ../../../Engine/DerivedDataCache/Compressed.ddp.
[2023.08.15-18.10.52:172][  0]LogDerivedDataCache: FDerivedDataBackendGraph:  EnterprisePak pak cache file ../../../Enterprise/DerivedDataCache/Compressed.ddp not found, will not use a pak cache.
[2023.08.15-18.10.52:172][  0]LogDerivedDataCache: Unable to find inner node EnterprisePak for hierarchical cache Hierarchy.
[2023.08.15-18.10.52:273][  0]LogDerivedDataCache: Speed tests for C:/Users/myaff/AppData/Local/UnrealEngine/Common/DerivedDataCache took 0.10 seconds
[2023.08.15-18.10.52:273][  0]LogDerivedDataCache: Display: Performance to C:/Users/myaff/AppData/Local/UnrealEngine/Common/DerivedDataCache: Latency=0.10ms. RandomReadSpeed=10.53MBs, RandomWriteSpeed=80.88MBs. Assigned SpeedClass 'Local'
[2023.08.15-18.10.52:274][  0]LogDerivedDataCache: Using Local data cache path C:/Users/myaff/AppData/Local/UnrealEngine/Common/DerivedDataCache: Writable
[2023.08.15-18.10.52:275][  0]LogDerivedDataCache: Shared data cache path not found in *engine.ini, will not use an Shared cache.
[2023.08.15-18.10.52:275][  0]LogDerivedDataCache: Unable to find inner node Shared for hierarchical cache Hierarchy.
[2023.08.15-18.10.52:384][  0]LogSlate: Using FreeType 2.10.0
[2023.08.15-18.10.52:414][  0]LogSlate: SlateFontServices - WITH_FREETYPE: 1, WITH_HARFBUZZ: 1
[2023.08.15-18.10.52:911][  0]LogAssetRegistry: FAssetRegistry took 0.0044 seconds to start up
[2023.08.15-18.10.53:482][  0]LogInit: Selected Device Profile: [Windows]
[2023.08.15-18.10.53:482][  0]LogInit: Active device profile: [00000209256B3B00][000002092505CE00 49] Windows
[2023.08.15-18.10.53:482][  0]LogInit: Profiles: [00000209256B3B00][000002092505CE00 49] Windows, [000002092565C600][000002091E9DEF80 49] WindowsNoEditor, [00000209256B0600][000002091E9E3100 49] WindowsServer, [000002092565F500][000002091EF17280 49] WindowsClient, [00000209256B3300][000002091EF1B400 49] IOS, [000002092565CF00][000002091EF1F580 49] iPadAir, [00000209256B0E00][000002091EF23700 49] iPadAir2, [0000020925628400][000002091EF2B9C0 49] IPadPro, [0000020925628500][000002091EF27A00 49] iPadAir3, [00000209256B2E00][000002091EF2FB80 49] iPadAir4, [000002092562B700][000002091EF32180 49] iPadMini2, [00000209256B1200][000002091EF36300 49] iPadMini3, [0000020925629500][000002091EF3A480 49] iPadMini4, [00000209256B2700][000002091E70A5C0 49] iPadMini5, [0000020925617C00][000002091EF42800 49] iPhone6, [0000020925617D00][000002091EF3E840 49] iPodTouch6, [000002092562B200][0000020926232AC0 49] iPhone7, [000002092562B100][000002091EF46B00 49] iPodTouch7, [0000020925614B00][0000020926236C80 49] iPhone5S, [000002092562A600][000002092623AE00 49] iPhone6Plus, [0000020925616F00][000002092623EF80 49] iPhone6S, [000002092562BF00][0000020926243100 49] iPhone6SPlus, [0000020925615200][0000020926247280 49] iPhone7Plus, [0000020925628D00][000002092624B400 49] iPhoneSE, [0000020925616800][000002092624F580 49] iPhone8, [0000020925629600][0000020926253700 49] iPhone8Plus, [0000020925615900][0000020926257880 49] iPhoneX, [000002092562BB00][000002092625BA00 49] iPhoneXS, [0000020925617A00][000002092625FB80 49] iPhoneXSMax, [0000020925629C00][0000020926262180 49] iPhoneXR, [0000020925614700][0000020926266300 49] iPhone11, [0000020925628100][000002092626A480 49] iPhone11Pro, [0000020925614D00][000002092626E600 49] iPhone11ProMax, [000002092562A500][000002092622E740 49] iPhoneSE2, [0000020925616E00][0000020926272880 49] iPhone12Mini, [0000020925628F00][00000209262769C0 49] iPhone12, [0000020925615B00][000002092627AB00 49] iPhone12Pro, [0000020925628700][0000020926282C80 49] iPhone12ProMax, [0000020925617B00][0000020926286E00 49] iPadPro105, [000002092562BD00][000002092628AF80 49] iPadPro129, [0000020925614600][000002092628F100 49] iPadPro97, [0000020925629200][0000020926293280 49] iPadPro2_129, [0000020925615800][0000020926297400 49] iPad5, [000002092562BE00][000002092629B580 49] iPad6, [0000020925615600][000002092629F700 49] iPad7, [0000020925629700][00000209262A3880 49] iPad8, [0000020925614800][00000209262A7A00 49] iPadPro11, [000002092562AF00][00000209262ABB80 49] iPadPro2_11, [0000020925616400][00000209262AE180 49] iPadPro3_129, [000002092562A400][0000020919BC6300 49] iPadPro4_129, [0000020925617300][0000020919BCA480 49] AppleTV, [000002092562AA00][0000020919BCE600 49] AppleTV4K, [0000020925615700][0000020919BD2780 49] TVOS, [000002092562B300][0000020919BD6900 49] Mac, [0000020925614F00][000002092627EA40 49] MacClient, [000002092562A900][0000020919BDAB80 49] MacNoEditor, [0000020925614200][0000020919BDECC0 49] MacServer, [0000020925629A00][0000020919BE6E40 49] Linux, [0000020925617600][0000020919BEAFC0 49] LinuxAArch64, [0000020925629D00][0000020919BEF140 49] LinuxNoEditor, [0000020925617100][000002090E5112C0 49] LinuxAArch64NoEditor, [0000020925628A00][000002090E515440 49] LinuxClient, [0000020925615100][000002090E5195C0 49] LinuxAArch64Client, [000002092562B900][000002090E51D740 49] LinuxServer, [0000020925616100][000002090E5218C0 49] LinuxAArch64Server, [0000020925629900][000002090E525A40 49] Android, [0000020925617500][000002090E529BC0 49] Android_Low, [0000020925629400][000002090E52C1C0 49] Android_Mid, [00000209256DE100][000002090E530340 49] Android_High, [000002092565DB00][000002090E5344C0 49] Android_Default, [00000209256DC700][000002090E538640 49] Android_Adreno4xx, [000002092565E000][000002090E53C7C0 49] Android_Adreno5xx_Low, [00000209256DDB00][00000209262B2940 49] Android_Adreno5xx, [000002092565D800][00000209262B6AC0 49] Android_Adreno6xx, [00000209256DD300][0000020919BE2C00 49] Android_Adreno6xx_Vulkan, [000002092565E700][00000209262BAD40 49] Android_Mali_T6xx, [00000209256DCF00][00000209262BEE80 49] Android_Mali_T7xx, [000002092565F300][00000209262C2FC0 49] Android_Mali_T8xx, [00000209256DE200][00000209262CB140 49] Android_Mali_G71, [000002092565D500][00000209262CF2C0 49] Android_Mali_G72, [00000209256DDE00][00000209262D3440 49] Android_Mali_G72_Vulkan, [000002092565ED00][00000209262D75C0 49] Android_Mali_G76, [00000209256DD100][00000209262DB740 49] Android_Mali_G76_Vulkan, [000002092565E600][00000209262DF8C0 49] Android_Mali_G77, [00000209256DD500][00000209262E3A40 49] Android_Mali_G77_Vulkan, [000002092565CB00][00000209262E7BC0 49] Android_Mali_G78, [00000209256DD600][00000209262EA1C0 49] Android_Mali_G78_Vulkan, [000002092565EA00][00000209262EE340 49] Android_Mali_G710, [00000209256DD700][00000209262F24C0 49] Android_Mali_G710_Vulkan, [000002092565EC00][00000209262F6640 49] Android_Vulkan_SM5, [00000209256DC600][00000209262FA7C0 49] Android_PowerVR_G6xxx, [000002092565C900][00000209262FE940 49] Android_PowerVR_GT7xxx, [000002092562B800][0000020926302AC0 49] Android_PowerVR_GE8xxx, [00000209256DC200][0000020926306C40 49] Android_PowerVR_GM9xxx, [000002092562AB00][00000209262C6D80 49] Android_PowerVR_GM9xxx_Vulkan, [00000209256DE400][000002092630AEC0 49] Android_TegraK1, [0000020925628800][000002092630F000 49] Android_Unknown_Vulkan, [00000209256DE900][0000020926313140 49] Lumin, [000002092562B600][000002092631B2C0 49] Lumin_Desktop, [00000209256DCB00][000002092631F440 49] HoloLens, 
[2023.08.15-18.10.56:086][  0]LogMeshReduction: Using QuadricMeshReduction for automatic static mesh reduction
[2023.08.15-18.10.56:086][  0]LogMeshReduction: Using SimplygonMeshReduction for automatic skeletal mesh reduction
[2023.08.15-18.10.56:086][  0]LogMeshReduction: Using ProxyLODMeshReduction for automatic mesh merging
[2023.08.15-18.10.56:086][  0]LogMeshReduction: No distributed automatic mesh merging module available
[2023.08.15-18.10.56:086][  0]LogMeshMerging: No distributed automatic mesh merging module available
[2023.08.15-18.10.56:236][  0]LogNetVersion: OpenRPG_Stats 1.0.0, NetCL: 17155196, EngineNetVer: 17, GameNetVer: 0 (Checksum: 2972209693)
[2023.08.15-18.11.02:745][  0]LogTexture: Default maximum texture size for cubemaps generated from long-lat sources has been changed from 512 to unlimited. In order to preserve old behaiour for '/Engine/MapTemplates/Sky/DaylightAmbientCubemap.DaylightAmbientCubemap', its maximum texture size has been explicitly set to 512.
[2023.08.15-18.11.02:968][  0]LogHMD: PokeAHoleMaterial loaded successfully
[2023.08.15-18.11.02:980][  0]LogUObjectArray: 17178 objects as part of root set at end of initial load.
[2023.08.15-18.11.02:980][  0]LogUObjectAllocator: 4302048 out of 0 bytes used by permanent object pool.
[2023.08.15-18.11.02:980][  0]LogUObjectArray: CloseDisregardForGC: 0/0 objects in disregard for GC pool
[2023.08.15-18.11.11:020][  0]LogNiagaraDebuggerClient: Niagara Debugger Client Initialized | Session: E5038A3A4E6C543E3739B39FF7094688 | Instance: D849EAFD4EF389F2FFA0DCA9BEE4FB0E (DESKTOP-CI9DPIB-15304).
[2023.08.15-18.11.12:070][  0]LogPython: Using Python 3.7.7
[2023.08.15-18.11.14:701][  0]LogTcpMessaging: Initializing TcpMessaging bridge
[2023.08.15-18.11.14:781][  0]LogUdpMessaging: Initializing bridge on interface 0.0.0.0:0 to multicast group 230.0.0.1:6666.
[2023.08.15-18.11.17:199][  0]SourceControl: Source control is disabled
[2023.08.15-18.11.17:199][  0]SourceControl: Source control is disabled
[2023.08.15-18.11.17:551][  0]SourceControl: Source control is disabled
[2023.08.15-18.11.18:288][  0]SourceControl: Source control is disabled
[2023.08.15-18.11.19:676][  0]SourceControl: Source control is disabled
[2023.08.15-18.11.19:940][  0]LogUProjectInfo: Found projects:
[2023.08.15-18.11.20:637][  0]LogOpenImageDenoise: OIDN starting up
[2023.08.15-18.11.21:472][  0]LogAndroidPermission: UAndroidPermissionCallbackProxy::GetInstance
[2023.08.15-18.11.21:856][  0]LogAudioCaptureCore: Display: No Audio Capture implementations found. Audio input will be silent.
[2023.08.15-18.11.21:856][  0]LogAudioCaptureCore: Display: No Audio Capture implementations found. Audio input will be silent.
[2023.08.15-18.11.22:977][  0]LogCollectionManager: Loaded 0 collections in 0.002868 seconds
[2023.08.15-18.11.23:253][  0]LogFileCache: Scanning file cache for directory 'H:/Unreal/Projects/OpenRPG_Stats/Saved/Collections/' took 0.00s
[2023.08.15-18.11.23:253][  0]LogFileCache: Scanning file cache for directory 'H:/Unreal/Projects/OpenRPG_Stats/Content/Developers/myaff/Collections/' took 0.00s
[2023.08.15-18.11.23:253][  0]LogFileCache: Scanning file cache for directory 'H:/Unreal/Projects/OpenRPG_Stats/Content/Collections/' took 0.00s
[2023.08.15-18.11.23:253][  0]LogOcInput: OculusInput pre-init called
[2023.08.15-18.11.24:135][  0]LogEngine: Initializing Engine...
[2023.08.15-18.11.24:286][  0]LogHMD: Failed to enumerate extensions. Please check that you have a valid OpenXR runtime installed.
[2023.08.15-18.11.24:286][  0]LogHMD: Failed to initialize OpenVR with code 110
[2023.08.15-18.11.24:286][  0]LogMagicLeap: Warning: VR disabled because ZI is not enabled.  To enable, in the editor, Edit -> Project Settings -> Plugins -> Magic Leap Plugin -> Enable Zero Iteration
[2023.08.15-18.11.24:289][  0]LogStats: UGameplayTagsManager::InitializeManager -  0.000 s
[2023.08.15-18.11.24:585][  0]LogInit: Initializing FReadOnlyCVARCache
[2023.08.15-18.11.24:674][  0]LogAIModule: Creating AISystem for world Untitled
[2023.08.15-18.11.24:675][  0]LogAudio: Display: Initializing Audio Device Manager...
[2023.08.15-18.11.24:763][  0]LogAudio: Display: Loading Default Audio Settings Objects...
[2023.08.15-18.11.24:764][  0]LogAudio: Display: No default SoundConcurrencyObject specified (or failed to load).
[2023.08.15-18.11.24:764][  0]LogAudio: Display: Audio Device Manager Initialized
[2023.08.15-18.11.24:764][  0]LogAudio: Display: Creating Audio Device:                 Id: 1, Scope: Shared, Realtime: True
[2023.08.15-18.11.24:764][  0]LogAudioMixer: Display: Audio Mixer Platform Settings:
[2023.08.15-18.11.24:764][  0]LogAudioMixer: Display: 	Sample Rate:						  48000
[2023.08.15-18.11.24:764][  0]LogAudioMixer: Display: 	Callback Buffer Frame Size Requested: 1024
[2023.08.15-18.11.24:764][  0]LogAudioMixer: Display: 	Callback Buffer Frame Size To Use:	  1024
[2023.08.15-18.11.24:764][  0]LogAudioMixer: Display: 	Number of buffers to queue:			  2
[2023.08.15-18.11.24:764][  0]LogAudioMixer: Display: 	Max Channels (voices):				  32
[2023.08.15-18.11.24:764][  0]LogAudioMixer: Display: 	Number of Async Source Workers:		  0
[2023.08.15-18.11.24:764][  0]LogAudio: Display: AudioDevice MaxSources: 32
[2023.08.15-18.11.24:765][  0]LogAudio: Display: Audio Spatialization Plugin: None (built-in).
[2023.08.15-18.11.24:765][  0]LogAudio: Display: Audio Reverb Plugin: None (built-in).
[2023.08.15-18.11.24:765][  0]LogAudio: Display: Audio Occlusion Plugin: None (built-in).
[2023.08.15-18.11.24:765][  0]LogAudioMixer: Display: Initializing audio mixer.
[2023.08.15-18.11.24:874][  0]LogAudioMixer: Display: 0: FrontLeft
[2023.08.15-18.11.24:874][  0]LogAudioMixer: Display: 1: FrontRight
[2023.08.15-18.11.24:930][  0]LogAudioMixer: Display: Using Audio Device Динамики (Realtek High Definition Audio)
[2023.08.15-18.11.24:944][  0]LogAudioMixer: Display: Initializing Sound Submixes...
[2023.08.15-18.11.24:948][  0]LogAudioMixer: Display: Creating Master Submix 'MasterSubmixDefault'
[2023.08.15-18.11.24:948][  0]LogAudioMixer: Display: Creating Master Submix 'MasterReverbSubmixDefault'
[2023.08.15-18.11.24:951][  0]LogAudioMixer: Display: Creating Master Submix 'MasterEQSubmixDefault'
[2023.08.15-18.11.24:951][  0]LogAudioMixer: FMixerPlatformXAudio2::StartAudioStream() called
[2023.08.15-18.11.24:951][  0]LogAudioMixer: Display: Output buffers initialized: Frames=1024, Channels=2, Samples=2048
[2023.08.15-18.11.24:953][  0]LogAudioMixer: Display: Starting AudioMixerPlatformInterface::RunInternal()
[2023.08.15-18.11.24:953][  0]LogAudioMixer: Display: FMixerPlatformXAudio2::SubmitBuffer() called for the first time
[2023.08.15-18.11.24:953][  0]LogInit: FAudioDevice initialized.
[2023.08.15-18.11.24:954][  0]LogAudio: Display: Audio Device (ID: 1) registered with world 'Untitled'.
[2023.08.15-18.11.24:954][  0]LogNetVersion: Set ProjectVersion to 1.0.0.0. Version Checksum will be recalculated on next use.
[2023.08.15-18.11.25:098][  0]LogDerivedDataCache: Saved boot cache 0.14s 94MB C:/Users/myaff/AppData/Local/UnrealEngine/4.27/DerivedDataCache/Boot.ddc.
[2023.08.15-18.11.25:098][  0]LogInit: Texture streaming: Enabled
[2023.08.15-18.11.25:288][  0]LogAnalytics: Display: [UEEditor.Rocket.Release] APIServer = https://datarouter.ol.epicgames.com/. AppVersion = 4.27.2-18319896+++UE4+Release-4.27
[2023.08.15-18.11.25:340][  0]LogEngineSessionManager: EngineSessionManager initialized
[2023.08.15-18.11.25:340][  0]LogEditorSessionSummary: Verbose: Initializing EditorSessionSummaryWriter for editor session tracking
[2023.08.15-18.11.25:343][  0]LogEditorSessionSummary: EditorSessionSummaryWriter initialized
[2023.08.15-18.11.25:489][  0]LogInit: Transaction tracking system initialized
[2023.08.15-18.11.25:894][  0]BlueprintLog: New page: Editor Load
[2023.08.15-18.11.26:917][  0]LocalizationService: Localization service is disabled
[2023.08.15-18.11.27:389][  0]TimingProfiler: Initialize
[2023.08.15-18.11.27:389][  0]TimingProfiler: OnSessionChanged
[2023.08.15-18.11.27:389][  0]LoadingProfiler: Initialize
[2023.08.15-18.11.27:389][  0]LoadingProfiler: OnSessionChanged
[2023.08.15-18.11.27:389][  0]NetworkingProfiler: Initialize
[2023.08.15-18.11.27:390][  0]NetworkingProfiler: OnSessionChanged
[2023.08.15-18.11.27:390][  0]MemoryProfiler: Initialize
[2023.08.15-18.11.27:390][  0]MemoryProfiler: OnSessionChanged
[2023.08.15-18.11.27:443][  0]LogClass: Warning: In asset 'None', there is an enum property of type 'EIOSVersion' with an invalid value of 'IOS_9'
[2023.08.15-18.11.27:443][  0]LogObj: Error: LoadConfig (/Script/IOSRuntimeSettings.Default__IOSRuntimeSettings): import failed for MinimumiOSVersion in: IOS_9
[2023.08.15-18.11.28:374][  0]LogCook: Display: CookSettings for Memory: MemoryMaxUsedVirtual 0MiB, MemoryMaxUsedPhysical 16384MiB, MemoryMinFreeVirtual 0MiB, MemoryMinFreePhysical 1024MiB
[2023.08.15-18.11.28:374][  0]LogCook: Display: Mobile HDR setting 1
[2023.08.15-18.11.29:014][  0]LogFileCache: Scanning file cache for directory 'H:/Unreal/Projects/OpenRPG_Stats/Content/' took 0.00s
[2023.08.15-18.11.31:770][  0]LogInit: Display: Engine is initialized. Leaving FEngineLoop::Init()
[2023.08.15-18.11.31:779][  0]SourceControl: Source control is disabled
[2023.08.15-18.11.31:779][  0]LogUnrealEdMisc: Loading editor; pre map load, took 70.739
[2023.08.15-18.11.31:779][  0]Cmd: MAP LOAD FILE="../../../../Projects/OpenRPG_Stats/Content/Demo/ThirdPersonStuff/ThirdPersonBP/Maps/ThirdPersonExampleMap.umap" TEMPLATE=0 SHOWPROGRESS=1 FEATURELEVEL=3
[2023.08.15-18.11.31:780][  0]LightingResults: New page: Lighting Build
[2023.08.15-18.11.31:783][  0]LogWorld: UWorld::CleanupWorld for Untitled, bSessionEnded=true, bCleanupResources=true
[2023.08.15-18.11.31:783][  0]LogSlate: InvalidateAllWidgets triggered.  All widgets were invalidated
[2023.08.15-18.11.31:783][  0]MapCheck: New page: Map Check
[2023.08.15-18.11.31:783][  0]LightingResults: New page: Lighting Build
[2023.08.15-18.11.31:801][  0]LogAudio: Display: Audio Device unregistered from world 'None'.
[2023.08.15-18.11.31:806][  0]LogUObjectHash: Compacting FUObjectHashTables data took   1.97ms
[2023.08.15-18.11.33:424][  0]LogTexture: Display: Building textures: DeprecatedTexture3884DE244CA9D1E5320A11B1C608A293 (BGRA8, 128X128)
[2023.08.15-18.11.33:666][  0]LogAudio: Display: Audio Device (ID: 1) registered with world 'ThirdPersonExampleMap'.
[2023.08.15-18.11.33:667][  0]LogAIModule: Creating AISystem for world ThirdPersonExampleMap
[2023.08.15-18.11.33:750][  0]LogEditorServer: Finished looking for orphan Actors (0.000 secs)
[2023.08.15-18.11.33:799][  0]LogUObjectHash: Compacting FUObjectHashTables data took   3.57ms
[2023.08.15-18.11.33:799][  0]Cmd: MAP CHECKDEP NOCLEARLOG
[2023.08.15-18.11.33:799][  0]MapCheck: Map check complete: 0 Error(s), 0 Warning(s), took 0,158ms to complete.
[2023.08.15-18.11.33:799][  0]LogFileHelpers: Loading map 'ThirdPersonExampleMap' took 2.020
[2023.08.15-18.11.33:802][  0]LogUnrealEdMisc: Total Editor Startup Time, took 72.762
[2023.08.15-18.11.34:013][  0]LogSlate: Updating window title bar state: overlay mode, drag disabled, window buttons hidden, title bar hidden
[2023.08.15-18.11.34:024][  0]LogSlate: Updating window title bar state: overlay mode, drag disabled, window buttons hidden, title bar hidden
[2023.08.15-18.11.34:041][  0]LogSlate: Updating window title bar state: overlay mode, drag disabled, window buttons hidden, title bar hidden
[2023.08.15-18.11.34:051][  0]LogSlate: Updating window title bar state: overlay mode, drag disabled, window buttons hidden, title bar hidden
[2023.08.15-18.11.34:091][  0]LogNativeClassHierarchy: Verbose: Native class hierarchy populated in 0.0232 seconds. Added 3822 classes and 928 folders.
[2023.08.15-18.11.34:094][  0]LogNativeClassHierarchy: Verbose: Native class hierarchy updated for 'WidgetCarousel' in 0.0004 seconds. Added 0 classes and 0 folders.
[2023.08.15-18.11.34:130][  0]LogPakFile: PakFile PrimaryIndexSize=187
[2023.08.15-18.11.34:131][  0]LogPakFile: PakFile PathHashIndexSize=101
[2023.08.15-18.11.34:131][  0]LogPakFile: PakFile FullDirectoryIndexSize=148
[2023.08.15-18.11.34:131][  0]LogShaderLibrary: Display: ShaderCodeLibraryPakFileMountedCallback: PakFile 'H:/Unreal/UE_4.27/FeaturePacks/FP_FirstPerson.upack' (chunk index -1, root 'root:/') mounted
[2023.08.15-18.11.34:131][  0]LogShaderLibrary: Display: ShaderCodeLibraryPakFileMountedCallback: pending pak file info (ChunkID:-1 Root:root:/ File:H:/Unreal/UE_4.27/FeaturePacks/FP_FirstPerson.upack)
[2023.08.15-18.11.34:131][  0]LogPakFile: OnPakFileMounted2Time == 0.000101
[2023.08.15-18.11.34:148][  0]LogPakFile: PakFile PrimaryIndexSize=189
[2023.08.15-18.11.34:148][  0]LogPakFile: PakFile PathHashIndexSize=101
[2023.08.15-18.11.34:148][  0]LogPakFile: PakFile FullDirectoryIndexSize=152
[2023.08.15-18.11.34:148][  0]LogShaderLibrary: Display: ShaderCodeLibraryPakFileMountedCallback: PakFile 'H:/Unreal/UE_4.27/FeaturePacks/FP_FirstPersonBP.upack' (chunk index -1, root 'root:/') mounted
[2023.08.15-18.11.34:148][  0]LogShaderLibrary: Display: ShaderCodeLibraryPakFileMountedCallback: pending pak file info (ChunkID:-1 Root:root:/ File:H:/Unreal/UE_4.27/FeaturePacks/FP_FirstPersonBP.upack)
[2023.08.15-18.11.34:148][  0]LogPakFile: OnPakFileMounted2Time == 0.000107
[2023.08.15-18.11.34:161][  0]LogPakFile: PakFile PrimaryIndexSize=191
[2023.08.15-18.11.34:161][  0]LogPakFile: PakFile PathHashIndexSize=101
[2023.08.15-18.11.34:161][  0]LogPakFile: PakFile FullDirectoryIndexSize=160
[2023.08.15-18.11.34:161][  0]LogShaderLibrary: Display: ShaderCodeLibraryPakFileMountedCallback: PakFile 'H:/Unreal/UE_4.27/FeaturePacks/MobileStarterContent.upack' (chunk index -1, root 'root:/') mounted
[2023.08.15-18.11.34:161][  0]LogShaderLibrary: Display: ShaderCodeLibraryPakFileMountedCallback: pending pak file info (ChunkID:-1 Root:root:/ File:H:/Unreal/UE_4.27/FeaturePacks/MobileStarterContent.upack)
[2023.08.15-18.11.34:161][  0]LogPakFile: OnPakFileMounted2Time == 0.000077
[2023.08.15-18.11.34:174][  0]LogPakFile: PakFile PrimaryIndexSize=185
[2023.08.15-18.11.34:174][  0]LogPakFile: PakFile PathHashIndexSize=101
[2023.08.15-18.11.34:174][  0]LogPakFile: PakFile FullDirectoryIndexSize=148
[2023.08.15-18.11.34:174][  0]LogShaderLibrary: Display: ShaderCodeLibraryPakFileMountedCallback: PakFile 'H:/Unreal/UE_4.27/FeaturePacks/StarterContent.upack' (chunk index -1, root 'root:/') mounted
[2023.08.15-18.11.34:174][  0]LogShaderLibrary: Display: ShaderCodeLibraryPakFileMountedCallback: pending pak file info (ChunkID:-1 Root:root:/ File:H:/Unreal/UE_4.27/FeaturePacks/StarterContent.upack)
[2023.08.15-18.11.34:174][  0]LogPakFile: OnPakFileMounted2Time == 0.000080
[2023.08.15-18.11.34:185][  0]LogPakFile: PakFile PrimaryIndexSize=190
[2023.08.15-18.11.34:185][  0]LogPakFile: PakFile PathHashIndexSize=101
[2023.08.15-18.11.34:185][  0]LogPakFile: PakFile FullDirectoryIndexSize=154
[2023.08.15-18.11.34:185][  0]LogShaderLibrary: Display: ShaderCodeLibraryPakFileMountedCallback: PakFile 'H:/Unreal/UE_4.27/FeaturePacks/TP_2DSideScroller.upack' (chunk index -1, root 'root:/') mounted
[2023.08.15-18.11.34:185][  0]LogShaderLibrary: Display: ShaderCodeLibraryPakFileMountedCallback: pending pak file info (ChunkID:-1 Root:root:/ File:H:/Unreal/UE_4.27/FeaturePacks/TP_2DSideScroller.upack)
[2023.08.15-18.11.34:185][  0]LogPakFile: OnPakFileMounted2Time == 0.000074
[2023.08.15-18.11.34:195][  0]LogPakFile: PakFile PrimaryIndexSize=192
[2023.08.15-18.11.34:195][  0]LogPakFile: PakFile PathHashIndexSize=101
[2023.08.15-18.11.34:195][  0]LogPakFile: PakFile FullDirectoryIndexSize=158
[2023.08.15-18.11.34:195][  0]LogShaderLibrary: Display: ShaderCodeLibraryPakFileMountedCallback: PakFile 'H:/Unreal/UE_4.27/FeaturePacks/TP_2DSideScrollerBP.upack' (chunk index -1, root 'root:/') mounted
[2023.08.15-18.11.34:195][  0]LogShaderLibrary: Display: ShaderCodeLibraryPakFileMountedCallback: pending pak file info (ChunkID:-1 Root:root:/ File:H:/Unreal/UE_4.27/FeaturePacks/TP_2DSideScrollerBP.upack)
[2023.08.15-18.11.34:196][  0]LogPakFile: OnPakFileMounted2Time == 0.000081
[2023.08.15-18.11.34:205][  0]LogPakFile: PakFile PrimaryIndexSize=182
[2023.08.15-18.11.34:206][  0]LogPakFile: PakFile PathHashIndexSize=101
[2023.08.15-18.11.34:206][  0]LogPakFile: PakFile FullDirectoryIndexSize=138
[2023.08.15-18.11.34:206][  0]LogShaderLibrary: Display: ShaderCodeLibraryPakFileMountedCallback: PakFile 'H:/Unreal/UE_4.27/FeaturePacks/TP_Flying.upack' (chunk index -1, root 'root:/') mounted
[2023.08.15-18.11.34:206][  0]LogShaderLibrary: Display: ShaderCodeLibraryPakFileMountedCallback: pending pak file info (ChunkID:-1 Root:root:/ File:H:/Unreal/UE_4.27/FeaturePacks/TP_Flying.upack)
[2023.08.15-18.11.34:206][  0]LogPakFile: OnPakFileMounted2Time == 0.000076
[2023.08.15-18.11.34:219][  0]LogPakFile: PakFile PrimaryIndexSize=184
[2023.08.15-18.11.34:219][  0]LogPakFile: PakFile PathHashIndexSize=101
[2023.08.15-18.11.34:219][  0]LogPakFile: PakFile FullDirectoryIndexSize=142
[2023.08.15-18.11.34:219][  0]LogShaderLibrary: Display: ShaderCodeLibraryPakFileMountedCallback: PakFile 'H:/Unreal/UE_4.27/FeaturePacks/TP_FlyingBP.upack' (chunk index -1, root 'root:/') mounted
[2023.08.15-18.11.34:219][  0]LogShaderLibrary: Display: ShaderCodeLibraryPakFileMountedCallback: pending pak file info (ChunkID:-1 Root:root:/ File:H:/Unreal/UE_4.27/FeaturePacks/TP_FlyingBP.upack)
[2023.08.15-18.11.34:219][  0]LogPakFile: OnPakFileMounted2Time == 0.000075
[2023.08.15-18.11.34:232][  0]LogPakFile: PakFile PrimaryIndexSize=188
[2023.08.15-18.11.34:232][  0]LogPakFile: PakFile PathHashIndexSize=101
[2023.08.15-18.11.34:232][  0]LogPakFile: PakFile FullDirectoryIndexSize=150
[2023.08.15-18.11.34:232][  0]LogShaderLibrary: Display: ShaderCodeLibraryPakFileMountedCallback: PakFile 'H:/Unreal/UE_4.27/FeaturePacks/TP_HandheldARBP.upack' (chunk index -1, root 'root:/') mounted
[2023.08.15-18.11.34:232][  0]LogShaderLibrary: Display: ShaderCodeLibraryPakFileMountedCallback: pending pak file info (ChunkID:-1 Root:root:/ File:H:/Unreal/UE_4.27/FeaturePacks/TP_HandheldARBP.upack)
[2023.08.15-18.11.34:232][  0]LogPakFile: OnPakFileMounted2Time == 0.000075
[2023.08.15-18.11.34:244][  0]LogPakFile: PakFile PrimaryIndexSize=182
[2023.08.15-18.11.34:244][  0]LogPakFile: PakFile PathHashIndexSize=101
[2023.08.15-18.11.34:244][  0]LogPakFile: PakFile FullDirectoryIndexSize=138
[2023.08.15-18.11.34:244][  0]LogShaderLibrary: Display: ShaderCodeLibraryPakFileMountedCallback: PakFile 'H:/Unreal/UE_4.27/FeaturePacks/TP_Puzzle.upack' (chunk index -1, root 'root:/') mounted
[2023.08.15-18.11.34:244][  0]LogShaderLibrary: Display: ShaderCodeLibraryPakFileMountedCallback: pending pak file info (ChunkID:-1 Root:root:/ File:H:/Unreal/UE_4.27/FeaturePacks/TP_Puzzle.upack)
[2023.08.15-18.11.34:244][  0]LogPakFile: OnPakFileMounted2Time == 0.000074
[2023.08.15-18.11.34:254][  0]LogPakFile: PakFile PrimaryIndexSize=184
[2023.08.15-18.11.34:254][  0]LogPakFile: PakFile PathHashIndexSize=101
[2023.08.15-18.11.34:254][  0]LogPakFile: PakFile FullDirectoryIndexSize=142
[2023.08.15-18.11.34:254][  0]LogShaderLibrary: Display: ShaderCodeLibraryPakFileMountedCallback: PakFile 'H:/Unreal/UE_4.27/FeaturePacks/TP_PuzzleBP.upack' (chunk index -1, root 'root:/') mounted
[2023.08.15-18.11.34:254][  0]LogShaderLibrary: Display: ShaderCodeLibraryPakFileMountedCallback: pending pak file info (ChunkID:-1 Root:root:/ File:H:/Unreal/UE_4.27/FeaturePacks/TP_PuzzleBP.upack)
[2023.08.15-18.11.34:254][  0]LogPakFile: OnPakFileMounted2Time == 0.000124
[2023.08.15-18.11.34:267][  0]LogPakFile: PakFile PrimaryIndexSize=183
[2023.08.15-18.11.34:267][  0]LogPakFile: PakFile PathHashIndexSize=101
[2023.08.15-18.11.34:267][  0]LogPakFile: PakFile FullDirectoryIndexSize=140
[2023.08.15-18.11.34:267][  0]LogShaderLibrary: Display: ShaderCodeLibraryPakFileMountedCallback: PakFile 'H:/Unreal/UE_4.27/FeaturePacks/TP_Rolling.upack' (chunk index -1, root 'root:/') mounted
[2023.08.15-18.11.34:267][  0]LogShaderLibrary: Display: ShaderCodeLibraryPakFileMountedCallback: pending pak file info (ChunkID:-1 Root:root:/ File:H:/Unreal/UE_4.27/FeaturePacks/TP_Rolling.upack)
[2023.08.15-18.11.34:267][  0]LogPakFile: OnPakFileMounted2Time == 0.000075
[2023.08.15-18.11.34:277][  0]LogPakFile: PakFile PrimaryIndexSize=185
[2023.08.15-18.11.34:277][  0]LogPakFile: PakFile PathHashIndexSize=101
[2023.08.15-18.11.34:277][  0]LogPakFile: PakFile FullDirectoryIndexSize=144
[2023.08.15-18.11.34:277][  0]LogShaderLibrary: Display: ShaderCodeLibraryPakFileMountedCallback: PakFile 'H:/Unreal/UE_4.27/FeaturePacks/TP_RollingBP.upack' (chunk index -1, root 'root:/') mounted
[2023.08.15-18.11.34:277][  0]LogShaderLibrary: Display: ShaderCodeLibraryPakFileMountedCallback: pending pak file info (ChunkID:-1 Root:root:/ File:H:/Unreal/UE_4.27/FeaturePacks/TP_RollingBP.upack)
[2023.08.15-18.11.34:277][  0]LogPakFile: OnPakFileMounted2Time == 0.000074
[2023.08.15-18.11.34:288][  0]LogPakFile: PakFile PrimaryIndexSize=188
[2023.08.15-18.11.34:288][  0]LogPakFile: PakFile PathHashIndexSize=101
[2023.08.15-18.11.34:288][  0]LogPakFile: PakFile FullDirectoryIndexSize=150
[2023.08.15-18.11.34:288][  0]LogShaderLibrary: Display: ShaderCodeLibraryPakFileMountedCallback: PakFile 'H:/Unreal/UE_4.27/FeaturePacks/TP_SideScroller.upack' (chunk index -1, root 'root:/') mounted
[2023.08.15-18.11.34:288][  0]LogShaderLibrary: Display: ShaderCodeLibraryPakFileMountedCallback: pending pak file info (ChunkID:-1 Root:root:/ File:H:/Unreal/UE_4.27/FeaturePacks/TP_SideScroller.upack)
[2023.08.15-18.11.34:288][  0]LogPakFile: OnPakFileMounted2Time == 0.000089
[2023.08.15-18.11.34:298][  0]LogPakFile: PakFile PrimaryIndexSize=190
[2023.08.15-18.11.34:298][  0]LogPakFile: PakFile PathHashIndexSize=101
[2023.08.15-18.11.34:298][  0]LogPakFile: PakFile FullDirectoryIndexSize=154
[2023.08.15-18.11.34:298][  0]LogShaderLibrary: Display: ShaderCodeLibraryPakFileMountedCallback: PakFile 'H:/Unreal/UE_4.27/FeaturePacks/TP_SideScrollerBP.upack' (chunk index -1, root 'root:/') mounted
[2023.08.15-18.11.34:298][  0]LogShaderLibrary: Display: ShaderCodeLibraryPakFileMountedCallback: pending pak file info (ChunkID:-1 Root:root:/ File:H:/Unreal/UE_4.27/FeaturePacks/TP_SideScrollerBP.upack)
[2023.08.15-18.11.34:298][  0]LogPakFile: OnPakFileMounted2Time == 0.000076
[2023.08.15-18.11.34:312][  0]LogPakFile: PakFile PrimaryIndexSize=187
[2023.08.15-18.11.34:312][  0]LogPakFile: PakFile PathHashIndexSize=101
[2023.08.15-18.11.34:312][  0]LogPakFile: PakFile FullDirectoryIndexSize=148
[2023.08.15-18.11.34:312][  0]LogShaderLibrary: Display: ShaderCodeLibraryPakFileMountedCallback: PakFile 'H:/Unreal/UE_4.27/FeaturePacks/TP_ThirdPerson.upack' (chunk index -1, root 'root:/') mounted
[2023.08.15-18.11.34:312][  0]LogShaderLibrary: Display: ShaderCodeLibraryPakFileMountedCallback: pending pak file info (ChunkID:-1 Root:root:/ File:H:/Unreal/UE_4.27/FeaturePacks/TP_ThirdPerson.upack)
[2023.08.15-18.11.34:312][  0]LogPakFile: OnPakFileMounted2Time == 0.000075
[2023.08.15-18.11.34:323][  0]LogPakFile: PakFile PrimaryIndexSize=189
[2023.08.15-18.11.34:323][  0]LogPakFile: PakFile PathHashIndexSize=101
[2023.08.15-18.11.34:323][  0]LogPakFile: PakFile FullDirectoryIndexSize=152
[2023.08.15-18.11.34:323][  0]LogShaderLibrary: Display: ShaderCodeLibraryPakFileMountedCallback: PakFile 'H:/Unreal/UE_4.27/FeaturePacks/TP_ThirdPersonBP.upack' (chunk index -1, root 'root:/') mounted
[2023.08.15-18.11.34:323][  0]LogShaderLibrary: Display: ShaderCodeLibraryPakFileMountedCallback: pending pak file info (ChunkID:-1 Root:root:/ File:H:/Unreal/UE_4.27/FeaturePacks/TP_ThirdPersonBP.upack)
[2023.08.15-18.11.34:323][  0]LogPakFile: OnPakFileMounted2Time == 0.000076
[2023.08.15-18.11.34:334][  0]LogPakFile: PakFile PrimaryIndexSize=183
[2023.08.15-18.11.34:334][  0]LogPakFile: PakFile PathHashIndexSize=101
[2023.08.15-18.11.34:334][  0]LogPakFile: PakFile FullDirectoryIndexSize=140
[2023.08.15-18.11.34:334][  0]LogShaderLibrary: Display: ShaderCodeLibraryPakFileMountedCallback: PakFile 'H:/Unreal/UE_4.27/FeaturePacks/TP_TopDown.upack' (chunk index -1, root 'root:/') mounted
[2023.08.15-18.11.34:334][  0]LogShaderLibrary: Display: ShaderCodeLibraryPakFileMountedCallback: pending pak file info (ChunkID:-1 Root:root:/ File:H:/Unreal/UE_4.27/FeaturePacks/TP_TopDown.upack)
[2023.08.15-18.11.34:334][  0]LogPakFile: OnPakFileMounted2Time == 0.000086
[2023.08.15-18.11.34:344][  0]LogPakFile: PakFile PrimaryIndexSize=185
[2023.08.15-18.11.34:344][  0]LogPakFile: PakFile PathHashIndexSize=101
[2023.08.15-18.11.34:344][  0]LogPakFile: PakFile FullDirectoryIndexSize=144
[2023.08.15-18.11.34:344][  0]LogShaderLibrary: Display: ShaderCodeLibraryPakFileMountedCallback: PakFile 'H:/Unreal/UE_4.27/FeaturePacks/TP_TopDownBP.upack' (chunk index -1, root 'root:/') mounted
[2023.08.15-18.11.34:344][  0]LogShaderLibrary: Display: ShaderCodeLibraryPakFileMountedCallback: pending pak file info (ChunkID:-1 Root:root:/ File:H:/Unreal/UE_4.27/FeaturePacks/TP_TopDownBP.upack)
[2023.08.15-18.11.34:344][  0]LogPakFile: OnPakFileMounted2Time == 0.000075
[2023.08.15-18.11.34:363][  0]LogPakFile: PakFile PrimaryIndexSize=185
[2023.08.15-18.11.34:363][  0]LogPakFile: PakFile PathHashIndexSize=101
[2023.08.15-18.11.34:363][  0]LogPakFile: PakFile FullDirectoryIndexSize=144
[2023.08.15-18.11.34:363][  0]LogShaderLibrary: Display: ShaderCodeLibraryPakFileMountedCallback: PakFile 'H:/Unreal/UE_4.27/FeaturePacks/TP_TwinStick.upack' (chunk index -1, root 'root:/') mounted
[2023.08.15-18.11.34:363][  0]LogShaderLibrary: Display: ShaderCodeLibraryPakFileMountedCallback: pending pak file info (ChunkID:-1 Root:root:/ File:H:/Unreal/UE_4.27/FeaturePacks/TP_TwinStick.upack)
[2023.08.15-18.11.34:363][  0]LogPakFile: OnPakFileMounted2Time == 0.000078
[2023.08.15-18.11.34:374][  0]LogPakFile: PakFile PrimaryIndexSize=187
[2023.08.15-18.11.34:374][  0]LogPakFile: PakFile PathHashIndexSize=101
[2023.08.15-18.11.34:374][  0]LogPakFile: PakFile FullDirectoryIndexSize=148
[2023.08.15-18.11.34:374][  0]LogShaderLibrary: Display: ShaderCodeLibraryPakFileMountedCallback: PakFile 'H:/Unreal/UE_4.27/FeaturePacks/TP_TwinStickBP.upack' (chunk index -1, root 'root:/') mounted
[2023.08.15-18.11.34:374][  0]LogShaderLibrary: Display: ShaderCodeLibraryPakFileMountedCallback: pending pak file info (ChunkID:-1 Root:root:/ File:H:/Unreal/UE_4.27/FeaturePacks/TP_TwinStickBP.upack)
[2023.08.15-18.11.34:374][  0]LogPakFile: OnPakFileMounted2Time == 0.000084
[2023.08.15-18.11.34:384][  0]LogPakFile: PakFile PrimaryIndexSize=183
[2023.08.15-18.11.34:384][  0]LogPakFile: PakFile PathHashIndexSize=101
[2023.08.15-18.11.34:384][  0]LogPakFile: PakFile FullDirectoryIndexSize=140
[2023.08.15-18.11.34:384][  0]LogShaderLibrary: Display: ShaderCodeLibraryPakFileMountedCallback: PakFile 'H:/Unreal/UE_4.27/FeaturePacks/TP_Vehicle.upack' (chunk index -1, root 'root:/') mounted
[2023.08.15-18.11.34:384][  0]LogShaderLibrary: Display: ShaderCodeLibraryPakFileMountedCallback: pending pak file info (ChunkID:-1 Root:root:/ File:H:/Unreal/UE_4.27/FeaturePacks/TP_Vehicle.upack)
[2023.08.15-18.11.34:385][  0]LogPakFile: OnPakFileMounted2Time == 0.000085
[2023.08.15-18.11.34:394][  0]LogPakFile: PakFile PrimaryIndexSize=186
[2023.08.15-18.11.34:394][  0]LogPakFile: PakFile PathHashIndexSize=101
[2023.08.15-18.11.34:394][  0]LogPakFile: PakFile FullDirectoryIndexSize=146
[2023.08.15-18.11.34:395][  0]LogShaderLibrary: Display: ShaderCodeLibraryPakFileMountedCallback: PakFile 'H:/Unreal/UE_4.27/FeaturePacks/TP_VehicleAdv.upack' (chunk index -1, root 'root:/') mounted
[2023.08.15-18.11.34:395][  0]LogShaderLibrary: Display: ShaderCodeLibraryPakFileMountedCallback: pending pak file info (ChunkID:-1 Root:root:/ File:H:/Unreal/UE_4.27/FeaturePacks/TP_VehicleAdv.upack)
[2023.08.15-18.11.34:395][  0]LogPakFile: OnPakFileMounted2Time == 0.000175
[2023.08.15-18.11.34:407][  0]LogPakFile: PakFile PrimaryIndexSize=188
[2023.08.15-18.11.34:407][  0]LogPakFile: PakFile PathHashIndexSize=101
[2023.08.15-18.11.34:407][  0]LogPakFile: PakFile FullDirectoryIndexSize=150
[2023.08.15-18.11.34:407][  0]LogShaderLibrary: Display: ShaderCodeLibraryPakFileMountedCallback: PakFile 'H:/Unreal/UE_4.27/FeaturePacks/TP_VehicleAdvBP.upack' (chunk index -1, root 'root:/') mounted
[2023.08.15-18.11.34:407][  0]LogShaderLibrary: Display: ShaderCodeLibraryPakFileMountedCallback: pending pak file info (ChunkID:-1 Root:root:/ File:H:/Unreal/UE_4.27/FeaturePacks/TP_VehicleAdvBP.upack)
[2023.08.15-18.11.34:407][  0]LogPakFile: OnPakFileMounted2Time == 0.000078
[2023.08.15-18.11.34:417][  0]LogPakFile: PakFile PrimaryIndexSize=185
[2023.08.15-18.11.34:417][  0]LogPakFile: PakFile PathHashIndexSize=101
[2023.08.15-18.11.34:417][  0]LogPakFile: PakFile FullDirectoryIndexSize=144
[2023.08.15-18.11.34:417][  0]LogShaderLibrary: Display: ShaderCodeLibraryPakFileMountedCallback: PakFile 'H:/Unreal/UE_4.27/FeaturePacks/TP_VehicleBP.upack' (chunk index -1, root 'root:/') mounted
[2023.08.15-18.11.34:417][  0]LogShaderLibrary: Display: ShaderCodeLibraryPakFileMountedCallback: pending pak file info (ChunkID:-1 Root:root:/ File:H:/Unreal/UE_4.27/FeaturePacks/TP_VehicleBP.upack)
[2023.08.15-18.11.34:417][  0]LogPakFile: OnPakFileMounted2Time == 0.000079
[2023.08.15-18.11.34:428][  0]LogPakFile: PakFile PrimaryIndexSize=192
[2023.08.15-18.11.34:428][  0]LogPakFile: PakFile PathHashIndexSize=101
[2023.08.15-18.11.34:428][  0]LogPakFile: PakFile FullDirectoryIndexSize=158
[2023.08.15-18.11.34:428][  0]LogShaderLibrary: Display: ShaderCodeLibraryPakFileMountedCallback: PakFile 'H:/Unreal/UE_4.27/FeaturePacks/TP_VirtualRealityBP.upack' (chunk index -1, root 'root:/') mounted
[2023.08.15-18.11.34:428][  0]LogShaderLibrary: Display: ShaderCodeLibraryPakFileMountedCallback: pending pak file info (ChunkID:-1 Root:root:/ File:H:/Unreal/UE_4.27/FeaturePacks/TP_VirtualRealityBP.upack)
[2023.08.15-18.11.34:428][  0]LogPakFile: OnPakFileMounted2Time == 0.000221
[2023.08.15-18.11.35:146][  0]LogNativeClassHierarchy: Verbose: Native class hierarchy updated for 'AddContentDialog' in 0.0004 seconds. Added 0 classes and 0 folders.
[2023.08.15-18.11.35:154][  0]LogNativeClassHierarchy: Verbose: Native class hierarchy updated for 'SceneOutliner' in 0.0004 seconds. Added 2 classes and 0 folders.
[2023.08.15-18.11.35:220][  0]LogSlate: Took 0.011236 seconds to synchronously load lazily loaded font '../../../Engine/Content/Slate/Fonts/Roboto-Regular.ttf' (155K)
[2023.08.15-18.11.35:235][  0]LogSlate: Took 0.012257 seconds to synchronously load lazily loaded font '../../../Engine/Content/Editor/Slate/Fonts/FontAwesome.ttf' (139K)
[2023.08.15-18.11.35:253][  0]LogSlate: Took 0.011466 seconds to synchronously load lazily loaded font '../../../Engine/Content/Slate/Fonts/Roboto-Bold.ttf' (160K)
[2023.08.15-18.11.35:419][  0]LogRenderer: Reallocating scene render targets to support 1392x572 Format 10 NumSamples 1 (Frame:1).
[2023.08.15-18.11.35:786][  0]LogNativeClassHierarchy: Verbose: Native class hierarchy updated for 'HierarchicalLODOutliner' in 0.0004 seconds. Added 0 classes and 0 folders.
[2023.08.15-18.11.35:786][  0]LogInput: Warning: Action Jump uses invalid key MotionController_Left_Trigger.
[2023.08.15-18.11.35:786][  0]LogInput: Warning: Action ResetVR uses invalid key MotionController_Left_Grip1.
[2023.08.15-18.11.35:786][  0]LogInput: Warning: Action Jump uses invalid key MotionController_Right_Trigger.
[2023.08.15-18.11.35:786][  0]LogInput: Warning: Action Jump uses invalid key OculusTouchpad_Touchpad.
[2023.08.15-18.11.35:786][  0]LogInput: Warning: Use -RemoveInvalidKeys to remove instances of these keys from the action mapping.
[2023.08.15-18.11.35:786][  0]LogLoad: (Engine Initialization) Total time: 74.75 seconds
[2023.08.15-18.11.35:786][  0]LogLoad: (Engine Initialization) Total Blueprint compile time: 0.00 seconds
[2023.08.15-18.11.35:856][  0]LogContentStreaming: Texture pool size now 1000 MB
[2023.08.15-18.11.36:102][  1]LogAssetRegistry: Asset discovery search completed in 43.1931 seconds
[2023.08.15-18.11.36:112][  1]LogCollectionManager: Fixed up redirectors for 0 collections in 0.000006 seconds (updated 0 objects)
[2023.08.15-18.11.36:191][  2]LogSlate: Took 0.010190 seconds to synchronously load lazily loaded font '../../../Engine/Content/Slate/Fonts/Roboto-Light.ttf' (167K)
[2023.08.15-18.11.38:056][ 13]LogMaterial: Display: Missing cached shadermap for Material_0 in PCD3D_SM5, Default, SM5 (DDC key hash: C6DA5409E380A1CF6A82E7B68DEE22A7B982DF5E), compiling. 
[2023.08.15-18.11.38:155][ 14]LogShaderCompilers: Display: Submitted 2 shader compile jobs with 'ForceLocal' priority
[2023.08.15-18.11.38:155][ 14]LogShaderCompilers: Display: Worker (1/5): shaders left to compile 2
[2023.08.15-18.11.38:155][ 14]LogShaderCompilers: Display: Worker (2/5): shaders left to compile 1
[2023.08.15-18.11.38:155][ 14]LogShaderCompilers: Display: Started 2 'Local' shader compile jobs with 'ForceLocal' priority
[2023.08.15-18.11.38:265][ 14]LogShaderCompilers: Display: Submitted 41 shader compile jobs with 'Normal' priority
[2023.08.15-18.11.38:265][ 14]LogShaderCompilers: Display: Worker (3/5): shaders left to compile 41
[2023.08.15-18.11.38:265][ 14]LogShaderCompilers: Display: Worker (4/5): shaders left to compile 31
[2023.08.15-18.11.38:265][ 14]LogShaderCompilers: Display: Started 20 'Local' shader compile jobs with 'Normal' priority
[2023.08.15-18.11.38:327][ 14]LogMaterial: Display: Missing cached shadermap for Material_0 in PCD3D_SM5, Default, SM5 (DDC key hash: D131FDA40A64F44ECD6243A959E912001A3AD89F), compiling. 
[2023.08.15-18.11.38:712][ 15]LogShaderCompilers: Display: Submitted 2 shader compile jobs with 'ForceLocal' priority
[2023.08.15-18.11.38:767][ 15]LogShaderCompilers: Display: Submitted 41 shader compile jobs with 'Normal' priority
[2023.08.15-18.11.38:814][ 15]LogMaterial: Display: Missing cached shadermap for Material_0 in PCD3D_SM5, Default, SM5 (DDC key hash: 2164FF18D5E511380BDE33491B51E95832E67DAC), compiling. 
[2023.08.15-18.11.38:837][ 16]LogShaderCompilers: Display: Submitted 2 shader compile jobs with 'ForceLocal' priority
[2023.08.15-18.11.38:883][ 16]LogShaderCompilers: Display: Submitted 41 shader compile jobs with 'Normal' priority
[2023.08.15-18.11.38:941][ 16]LogMaterial: Display: Missing cached shadermap for Material_0 in PCD3D_SM5, Default, SM5 (DDC key hash: FF3C0CA0298A8D749189CA64F3F822E21EE2A233), compiling. 
[2023.08.15-18.11.38:956][ 17]LogShaderCompilers: Display: Submitted 2 shader compile jobs with 'ForceLocal' priority
[2023.08.15-18.11.39:011][ 18]LogShaderCompilers: Display: Submitted 41 shader compile jobs with 'Normal' priority
[2023.08.15-18.11.41:096][ 54]LogShaderCompilers: Display: Worker (2/5): shaders left to compile 6
[2023.08.15-18.11.41:096][ 54]LogShaderCompilers: Display: Started 2 'Local' shader compile jobs with 'ForceLocal' priority
[2023.08.15-18.11.41:303][ 57]LogShaderCompilers: Display: Worker (1/5): shaders left to compile 4
[2023.08.15-18.11.41:303][ 57]LogShaderCompilers: Display: Started 2 'Local' shader compile jobs with 'ForceLocal' priority
[2023.08.15-18.11.42:626][ 80]LogShaderCompilers: Display: Worker (2/5): shaders left to compile 2
[2023.08.15-18.11.42:626][ 80]LogShaderCompilers: Display: Started 1 'Local' shader compile jobs with 'ForceLocal' priority
[2023.08.15-18.11.42:786][ 82]LogShaderCompilers: Display: Worker (1/5): shaders left to compile 1
[2023.08.15-18.11.42:786][ 82]LogShaderCompilers: Display: Started 1 'Local' shader compile jobs with 'ForceLocal' priority
[2023.08.15-18.11.43:474][ 94]LogShaderCompilers: Display: Worker (1/5): shaders left to compile 144
[2023.08.15-18.11.43:474][ 94]LogShaderCompilers: Display: Started 10 'Local' shader compile jobs with 'Normal' priority
[2023.08.15-18.11.43:534][ 95]LogShaderCompilers: Display: Worker (2/5): shaders left to compile 134
[2023.08.15-18.11.43:534][ 95]LogShaderCompilers: Display: Started 10 'Local' shader compile jobs with 'Normal' priority
[2023.08.15-18.11.45:553][129]LogShaderCompilers: Display: Worker (4/5): shaders left to compile 124
[2023.08.15-18.11.45:553][129]LogShaderCompilers: Display: Started 10 'Local' shader compile jobs with 'Normal' priority
[2023.08.15-18.11.47:121][156]LogShaderCompilers: Display: Worker (3/5): shaders left to compile 114
[2023.08.15-18.11.47:121][156]LogShaderCompilers: Display: Started 10 'Local' shader compile jobs with 'Normal' priority
[2023.08.15-18.11.48:632][180]LogShaderCompilers: Display: Worker (2/5): shaders left to compile 104
[2023.08.15-18.11.48:632][180]LogShaderCompilers: Display: Started 10 'Local' shader compile jobs with 'Normal' priority
[2023.08.15-18.11.50:158][205]LogShaderCompilers: Display: Worker (1/5): shaders left to compile 94
[2023.08.15-18.11.50:158][205]LogShaderCompilers: Display: Started 10 'Local' shader compile jobs with 'Normal' priority
[2023.08.15-18.11.51:250][223]LogShaderCompilers: Display: Worker (3/5): shaders left to compile 84
[2023.08.15-18.11.51:250][223]LogShaderCompilers: Display: Started 10 'Local' shader compile jobs with 'Normal' priority
[2023.08.15-18.11.51:653][229]LogShaderCompilers: Display: Worker (4/5): shaders left to compile 74
[2023.08.15-18.11.51:653][229]LogShaderCompilers: Display: Started 10 'Local' shader compile jobs with 'Normal' priority
[2023.08.15-18.11.55:251][288]LogShaderCompilers: Display: Worker (1/5): shaders left to compile 64
[2023.08.15-18.11.55:251][288]LogShaderCompilers: Display: Started 10 'Local' shader compile jobs with 'Normal' priority
[2023.08.15-18.11.55:830][297]LogShaderCompilers: Display: Worker (4/5): shaders left to compile 54
[2023.08.15-18.11.55:830][297]LogShaderCompilers: Display: Started 10 'Local' shader compile jobs with 'Normal' priority
[2023.08.15-18.11.55:838][297]LogShaderCompilers: Display: Worker (2/5): shaders left to compile 44
[2023.08.15-18.11.55:838][297]LogShaderCompilers: Display: Started 10 'Local' shader compile jobs with 'Normal' priority
[2023.08.15-18.11.56:940][314]LogShaderCompilers: Display: Worker (3/5): shaders left to compile 34
[2023.08.15-18.11.56:940][314]LogShaderCompilers: Display: Started 9 'Local' shader compile jobs with 'Normal' priority
[2023.08.15-18.12.00:537][372]LogShaderCompilers: Display: Worker (4/5): shaders left to compile 25
[2023.08.15-18.12.00:537][372]LogShaderCompilers: Display: Started 7 'Local' shader compile jobs with 'Normal' priority
[2023.08.15-18.12.00:819][377]LogShaderCompilers: Display: Worker (3/5): shaders left to compile 18
[2023.08.15-18.12.00:819][377]LogShaderCompilers: Display: Started 5 'Local' shader compile jobs with 'Normal' priority
[2023.08.15-18.12.01:786][392]LogShaderCompilers: Display: Worker (2/5): shaders left to compile 13
[2023.08.15-18.12.01:786][392]LogShaderCompilers: Display: Started 4 'Local' shader compile jobs with 'Normal' priority
[2023.08.15-18.12.02:352][401]LogShaderCompilers: Display: Worker (1/5): shaders left to compile 9
[2023.08.15-18.12.02:352][401]LogShaderCompilers: Display: Started 3 'Local' shader compile jobs with 'Normal' priority
[2023.08.15-18.12.03:387][418]LogShaderCompilers: Display: Worker (1/5): shaders left to compile 6
[2023.08.15-18.12.03:387][418]LogShaderCompilers: Display: Started 2 'Local' shader compile jobs with 'Normal' priority
[2023.08.15-18.12.03:629][422]LogShaderCompilers: Display: Worker (2/5): shaders left to compile 4
[2023.08.15-18.12.03:629][422]LogShaderCompilers: Display: Started 2 'Local' shader compile jobs with 'Normal' priority
[2023.08.15-18.12.04:221][432]LogShaderCompilers: Display: Worker (3/5): shaders left to compile 2
[2023.08.15-18.12.04:221][432]LogShaderCompilers: Display: Started 1 'Local' shader compile jobs with 'Normal' priority
[2023.08.15-18.12.04:437][435]LogShaderCompilers: Display: Worker (4/5): shaders left to compile 1
[2023.08.15-18.12.04:437][435]LogShaderCompilers: Display: Started 1 'Local' shader compile jobs with 'Normal' priority
[2023.08.15-18.12.27:093][ 20]LogUObjectHash: Compacting FUObjectHashTables data took   3.11ms
